生成启动时间为 2018-05-07 1:03:17。
     1>项目“E:\Work\VisualStudio2017\Lua\Lua53\Lua53\Lua53.vcxproj”在节点 2 上(Build 个目标)。
     1>正在使用工具版本“15.0”进行生成。
     1>来自项目“E:\Work\VisualStudio2017\Lua\Lua53\Lua53\Lua53.vcxproj”的文件“C:\Program Files (x86)\Microsoft Visual Studio\2017\Enterprise\MSBuild\15.0\Bin\Microsoft.Common.CurrentVersion.targets”中的目标“_CheckForInvalidConfigurationAndPlatform”(目标“SetTelemetryEnvironmentVariables”依赖于它):
       由于 false 条件，已跳过任务“Error”；( '$(_InvalidConfigurationError)' == 'true' )计算为( '' == 'true' )。
       由于 false 条件，已跳过任务“Warning”；( '$(_InvalidConfigurationWarning)' == 'true' )计算为( '' == 'true' )。
       正在使用程序集“Microsoft.Build.Tasks.Core, Version=15.1.0.0, Culture=neutral, PublicKeyToken=b03f5f7f11d50a3a”中的“Message”任务。
       任务“Message”
         Configuration=Release
       已完成执行任务“Message”的操作。
       任务“Message”
         Platform=x64
       已完成执行任务“Message”的操作。
       由于 false 条件，已跳过任务“Error”；('$(OutDir)' != '' and !HasTrailingSlash('$(OutDir)'))计算为('E:\Work\VisualStudio2017\Lua\Lua53\x64\Release\' != '' and !HasTrailingSlash('E:\Work\VisualStudio2017\Lua\Lua53\x64\Release\'))。
       由于 false 条件，已跳过任务“Error”；('$(BaseIntermediateOutputPath)' != '' and !HasTrailingSlash('$(BaseIntermediateOutputPath)'))计算为('obj\' != '' and !HasTrailingSlash('obj\'))。
       由于 false 条件，已跳过任务“Error”；('$(IntermediateOutputPath)' != '' and !HasTrailingSlash('$(IntermediateOutputPath)'))计算为('x64\Release\' != '' and !HasTrailingSlash('x64\Release\'))。
     1>已完成在项目“Lua53.vcxproj”中生成目标“_CheckForInvalidConfigurationAndPlatform”的操作。
       已跳过目标“_CheckForInvalidConfigurationAndPlatform”。以前的生成已成功。
     1>来自项目“E:\Work\VisualStudio2017\Lua\Lua53\Lua53\Lua53.vcxproj”的文件“C:\Program Files (x86)\Microsoft Visual Studio\2017\Enterprise\Common7\IDE\VC\VCTargets\Microsoft.Cpp.DesignTime.targets”中的目标“SetTelemetryEnvironmentVariables”(目标“Build”依赖于它):
       正在使用程序集“C:\Program Files (x86)\Microsoft Visual Studio\2017\Enterprise\Common7\IDE\VC\VCTargets\Microsoft.Build.CppTasks.Common.dll”中的“SetEnv”任务。
       任务“SetEnv”
         VSTEL_SolutionSessionID={74C7B01A-883A-404B-8B83-4B32CE9839B0}
       已完成执行任务“SetEnv”的操作。
       任务“SetEnv”
         VSTEL_CurrentSolutionBuildID=65792078
       已完成执行任务“SetEnv”的操作。
       任务“SetEnv”
         VSTEL_ProjectID={C9091C6C-1426-4F00-A513-E3A72A17FD93}
       已完成执行任务“SetEnv”的操作。
     1>已完成在项目“Lua53.vcxproj”中生成目标“SetTelemetryEnvironmentVariables”的操作。
     1>来自项目“E:\Work\VisualStudio2017\Lua\Lua53\Lua53\Lua53.vcxproj”的文件“C:\Program Files (x86)\Microsoft Visual Studio\2017\Enterprise\Common7\IDE\VC\VCTargets\Microsoft.BuildSteps.Targets”中的目标“_PrepareForBuild”(目标“Build”依赖于它):
       由于 false 条件，已跳过任务“CreateItem”；('%(CustomBuild.IncludeFileToTool)'!='')计算为(''!='')。
     1>已完成在项目“Lua53.vcxproj”中生成目标“_PrepareForBuild”的操作。
     1>来自项目“E:\Work\VisualStudio2017\Lua\Lua53\Lua53\Lua53.vcxproj”的文件“C:\Program Files (x86)\Microsoft Visual Studio\2017\Enterprise\Common7\IDE\VC\VCTargets\Microsoft.CppBuild.targets”中的目标“_PrepareForReferenceResolution”(目标“ResolveReferences”依赖于它):
       由于 false 条件，已跳过任务“Message”；('$(_REFERENCE_DEBUG)'=='true')计算为(''=='true')。
     1>已完成在项目“Lua53.vcxproj”中生成目标“_PrepareForReferenceResolution”的操作。
       由于条件的计算结果为 false，已跳过目标“ComputeCrtSDKReference”；('@(ClCompile)'!='' and '$(WindowsAppContainer)'=='true' and '$(UseCrtSDKReference)' != 'false')的计算结果为('..\src\lapi.c;..\src\lauxlib.c;..\src\lbaselib.c;..\src\lbitlib.c;..\src\lcode.c;..\src\lcorolib.c;..\src\lctype.c;..\src\ldblib.c;..\src\ldebug.c;..\src\ldo.c;..\src\ldump.c;..\src\lfunc.c;..\src\lgc.c;..\src\linit.c;..\src\liolib.c;..\src\llex.c;..\src\lmathlib.c;..\src\lmem.c;..\src\loadlib.c;..\src\lobject.c;..\src\lopcodes.c;..\src\loslib.c;..\src\lparser.c;..\src\lstate.c;..\src\lstring.c;..\src\lstrlib.c;..\src\ltable.c;..\src\ltablib.c;..\src\ltm.c;..\src\lundump.c;..\src\lutf8lib.c;..\src\lvm.c;..\src\lzio.c'!='' and 'false'=='true' and '' != 'false')。
     1>来自项目“E:\Work\VisualStudio2017\Lua\Lua53\Lua53\Lua53.vcxproj”的文件“C:\Program Files (x86)\Microsoft Visual Studio\2017\Enterprise\MSBuild\15.0\Bin\Microsoft.Common.CurrentVersion.targets”中的目标“BeforeResolveReferences”(目标“ResolveReferences”依赖于它):
     1>已完成在项目“Lua53.vcxproj”中生成目标“BeforeResolveReferences”的操作。
     1>来自项目“E:\Work\VisualStudio2017\Lua\Lua53\Lua53\Lua53.vcxproj”的文件“C:\Program Files (x86)\Microsoft Visual Studio\2017\Enterprise\MSBuild\15.0\Bin\Microsoft.Common.CurrentVersion.targets”中的目标“AssignProjectConfiguration”(目标“ResolveReferences”依赖于它):
       正在使用程序集“Microsoft.Build.Tasks.Core, Version=15.1.0.0, Culture=neutral, PublicKeyToken=b03f5f7f11d50a3a”中的“AssignProjectConfiguration”任务。
       任务“AssignProjectConfiguration”
       已完成执行任务“AssignProjectConfiguration”的操作。
     1>已完成在项目“Lua53.vcxproj”中生成目标“AssignProjectConfiguration”的操作。
       已跳过目标“AssignProjectConfiguration”。以前的生成已成功。
     1>来自项目“E:\Work\VisualStudio2017\Lua\Lua53\Lua53\Lua53.vcxproj”的文件“C:\Program Files (x86)\Microsoft Visual Studio\2017\Enterprise\MSBuild\15.0\Bin\Microsoft.Common.CurrentVersion.targets”中的目标“_SplitProjectReferencesByFileExistence”(目标“PrepareProjectReferences”依赖于它):
       由于 false 条件，已跳过任务“ResolveNonMSBuildProjectOutput”；('$(BuildingInsideVisualStudio)'=='true' and '@(ProjectReferenceWithConfiguration)'!='')计算为('true'=='true' and ''!='')。
     1>已完成在项目“Lua53.vcxproj”中生成目标“_SplitProjectReferencesByFileExistence”的操作。
     1>来自项目“E:\Work\VisualStudio2017\Lua\Lua53\Lua53\Lua53.vcxproj”的文件“C:\Program Files (x86)\Microsoft Visual Studio\2017\Enterprise\MSBuild\15.0\Bin\Microsoft.Common.CurrentVersion.targets”中的目标“_GetProjectReferenceTargetFrameworkProperties”(目标“PrepareProjectReferences”依赖于它):
       正在使用程序集“Microsoft.Build.Tasks.Core, Version=15.1.0.0, Culture=neutral, PublicKeyToken=b03f5f7f11d50a3a”中的“MSBuild”任务。
       任务“MSBuild”
       已完成执行任务“MSBuild”的操作。
       由于 false 条件，已跳过任务“GetReferenceNearestTargetFrameworkTask”；('@(_ProjectReferenceTargetFrameworkPossibilities->Count())' != '0' and '$(ReferringTargetFrameworkForProjectReferences)' != '')计算为('0' != '0' and '.NETFramework,Version=v4.0' != '')。
     1>已完成在项目“Lua53.vcxproj”中生成目标“_GetProjectReferenceTargetFrameworkProperties”的操作。
     1>来自项目“E:\Work\VisualStudio2017\Lua\Lua53\Lua53\Lua53.vcxproj”的文件“C:\Program Files (x86)\Microsoft Visual Studio\2017\Enterprise\MSBuild\15.0\Bin\Microsoft.Common.CurrentVersion.targets”中的目标“PrepareProjectReferences”(目标“ResolveProjectReferences”依赖于它):
     1>已完成在项目“Lua53.vcxproj”中生成目标“PrepareProjectReferences”的操作。
       由于条件的计算结果为 false，已跳过目标“_RemoveNameMetadataFromProjectReferenceItems”；('@(ProjectReference)'!='')的计算结果为(''!='')。
     1>来自项目“E:\Work\VisualStudio2017\Lua\Lua53\Lua53\Lua53.vcxproj”的文件“C:\Program Files (x86)\Microsoft Visual Studio\2017\Enterprise\MSBuild\15.0\Bin\Microsoft.Common.CurrentVersion.targets”中的目标“ResolveProjectReferences”(目标“ResolveReferences”依赖于它):
       由于 false 条件，已跳过任务“MSBuild”；('%(_MSBuildProjectReferenceExistent.BuildReference)' == 'true' and '@(ProjectReferenceWithConfiguration)' != '' and ('$(BuildingInsideVisualStudio)' == 'true' or '$(BuildProjectReferences)' != 'true') and '$(VisualStudioVersion)' != '10.0' and '@(_MSBuildProjectReferenceExistent)' != '')计算为('' == 'true' and '' != '' and ('true' == 'true' or 'true' != 'true') and '15.0' != '10.0' and '' != '')。
       由于 false 条件，已跳过任务“MSBuild”；('%(_MSBuildProjectReferenceExistent.BuildReference)' == 'true' and '@(ProjectReferenceWithConfiguration)' != '' and ('$(BuildingInsideVisualStudio)' == 'true' or '$(BuildProjectReferences)' != 'true') and '$(VisualStudioVersion)' == '10.0' and '@(_MSBuildProjectReferenceExistent)' != '')计算为('' == 'true' and '' != '' and ('true' == 'true' or 'true' != 'true') and '15.0' == '10.0' and '' != '')。
       由于 false 条件，已跳过任务“MSBuild”；('%(_MSBuildProjectReferenceExistent.BuildReference)' == 'true' and '@(ProjectReferenceWithConfiguration)' != '' and '$(BuildingInsideVisualStudio)' != 'true' and '$(BuildProjectReferences)' == 'true' and '@(_MSBuildProjectReferenceExistent)' != '')计算为('' == 'true' and '' != '' and 'true' != 'true' and 'true' == 'true' and '' != '')。
       由于 false 条件，已跳过任务“MSBuild”；('%(_MSBuildProjectReferenceExistent.BuildReference)' == 'true' and '@(ProjectReferenceWithConfiguration)' != '' and '$(BuildingProject)' == 'true' and '@(_MSBuildProjectReferenceExistent)' != '')计算为('' == 'true' and '' != '' and 'true' == 'true' and '' != '')。
       由于 false 条件，已跳过任务“Warning”；('@(ProjectReferenceWithConfiguration)' != '' and '@(_MSBuildProjectReferenceNonexistent)' != '')计算为('' != '' and '' != '')。
     1>已完成在项目“Lua53.vcxproj”中生成目标“ResolveProjectReferences”的操作。
       由于条件的计算结果为 false，已跳过目标“FindInvalidProjectReferences”；('$(FindInvalidProjectReferences)' == 'true')的计算结果为('' == 'true')。
       由于条件的计算结果为 false，已跳过目标“ResolveNativeReferences”；('@(NativeReference)'!='')的计算结果为(''!='')。
       已跳过目标“_PrepareForReferenceResolution”。以前的生成已成功。
     1>来自项目“E:\Work\VisualStudio2017\Lua\Lua53\Lua53\Lua53.vcxproj”的文件“C:\Program Files (x86)\Microsoft Visual Studio\2017\Enterprise\MSBuild\15.0\Bin\Microsoft.NETFramework.CurrentVersion.targets”中的目标“GetFrameworkPaths”(目标“ResolveAssemblyReferences”依赖于它):
     1>已完成在项目“Lua53.vcxproj”中生成目标“GetFrameworkPaths”的操作。
       已跳过目标“_PrepareForReferenceResolution”。以前的生成已成功。
       由于条件的计算结果为 false，已跳过目标“GetWinFXPath”；(('@(Page)' != '' or '@(ApplicationDefinition)' != '' or '@(Resource)' != '') and ('$(GetWinFXNativePath)' != '' or '$(GetWinFXWoWPath)' != '' ))的计算结果为(('' != '' or '' != '' or '' != '') and ('' != '' or '' != '' ))。
     1>来自项目“E:\Work\VisualStudio2017\Lua\Lua53\Lua53\Lua53.vcxproj”的文件“C:\Program Files (x86)\Microsoft Visual Studio\2017\Enterprise\MSBuild\15.0\Bin\Microsoft.Common.CurrentVersion.targets”中的目标“GetReferenceAssemblyPaths”(目标“ResolveAssemblyReferences”依赖于它):
       由于 false 条件，已跳过任务“GetReferenceAssemblyPaths”；('$(TargetFrameworkMoniker)' != '' and ('$(_TargetFrameworkDirectories)' == '' or '$(_FullFrameworkReferenceAssemblyPaths)' == ''))计算为('' != '' and ('C:\Program Files (x86)\Reference Assemblies\Microsoft\Framework\.NETFramework\v4.0' == '' or 'C:\Program Files (x86)\Reference Assemblies\Microsoft\Framework\.NETFramework\v4.0' == ''))。
     1>已完成在项目“Lua53.vcxproj”中生成目标“GetReferenceAssemblyPaths”的操作。
     1>来自项目“E:\Work\VisualStudio2017\Lua\Lua53\Lua53\Lua53.vcxproj”的文件“C:\Program Files (x86)\Microsoft Visual Studio\2017\Enterprise\Common7\IDE\VC\VCTargets\Microsoft.Cpp.Current.targets”中的目标“SetBuildDefaultEnvironmentVariables”(目标“PrepareForBuild”依赖于它):
       任务“SetEnv”
         PATH=C:\Program Files (x86)\Microsoft Visual Studio\2017\Enterprise\VC\Tools\MSVC\14.13.26128\bin\HostX86\x64;C:\Program Files (x86)\Microsoft Visual Studio\2017\Enterprise\VC\Tools\MSVC\14.13.26128\bin\HostX86\x86;C:\Program Files (x86)\Windows Kits\10\bin\10.0.17134.0\x86;;C:\Program Files (x86)\Microsoft SDKs\Windows\v10.0A\bin\NETFX 4.6.1 Tools;C:\Program Files (x86)\Microsoft Visual Studio\2017\Enterprise\Common7\tools;C:\Program Files (x86)\Microsoft Visual Studio\2017\Enterprise\Common7\ide;C:\Program Files (x86)\HTML Help Workshop;;C:\Program Files (x86)\Microsoft Visual Studio\2017\Enterprise\MSBuild\15.0\Bin;C:\WINDOWS\Microsoft.NET\Framework\v4.0.30319\;;C:\WINDOWS\system32;C:\WINDOWS;C:\WINDOWS\System32\Wbem;C:\WINDOWS\System32\WindowsPowerShell\v1.0\;C:\WINDOWS\System32\OpenSSH\;D:\Qt\Qt5.10.1\5.10.1\msvc2017_64\bin;D:\Qt\Qt5.10.1\Tools\QtCreator64\bin;C:\Program Files\Microsoft MPI\Bin\;D:\Dev\Mercurial\;D:\Dev\LLVM\bin;D:\Dev\NASM;D:\Dev\swig;D:\Dev\Ruby25\bin;D:\Dev\ActiveTCL\bin;D:\Dev\ActivePerl\bin;D:\Dev\ActivePerl\site\bin;D:\Dev\TortoiseSVN\bin;D:\Python\Python36\Scripts\;D:\Python\Python36\;D:\Dev\CMake\bin;D:\Dev\Cppcheck;D:\Dev\Pandoc;D:\Dev\Nodejs\;D:\Java\JDK10\bin;D:\Java\JRE10\bin;D:\Golang\Go\bin;D:\Python\Python27\Scripts;D:\Python\Python27\;D:\Dev\ActiveRuby\bin\;D:\Dev\Git\cmd;D:\Dev\Git\usr\bin;D:\Dev\Git\mingw64\bin;;D:\Dev\Tcl86\bin;D:\Dev\Lua\5.1;D:\Dev\Lua\5.1\clibs;D:\Dev\PowerShell\6.0.1\;C:\Program Files\Mono\bin;C:\Program Files\dotnet;D:\Dev\GtkSharp\bin;C:\ProgramData\chocolatey\bin;D:\Dev\RustMSVC\bin;D:\Dev\RustGNU\bin;D:\MSYS2\mingw64\bin;D:\MSYS2\usr\bin;D:\Python\Anaconda3;D:\Python\Anaconda3\Library\mingw-w64\bin;D:\Python\Anaconda3\Library\usr\bin;D:\Python\Anaconda3\Library\bin;D:\Python\Anaconda3\Scripts;D:\Python\Anaconda2;D:\Python\Anaconda2\Library\mingw-w64\bin;D:\Python\Anaconda2\Library\usr\bin;D:\Python\Anaconda2\Library\bin;D:\Python\Anaconda2\Scripts;;D:\Dev\StrawberryPerl\c\bin;D:\Dev\StrawberryPerl\perl\site\bin;D:\Dev\StrawberryPerl\perl\bin;;D:\Dev\doxygen\bin;D:\Dev\Redis\;D:\Dev\Perforce;D:\Dev\BitKeeper;D:\Dev\Git-Cola\bin;D:\Dev\TortoiseGit\bin;D:\Dev\TortoiseHg\;D:\Dev\WinMerge;D:\Dev\Diffuse;D:\Dev\Calibre2\;D:\Dev\Elm-Platform\bin;C:\Cygwin64\bin;D:\Dev\MySQL\Server\bin;D:\Dev\MySQL\Utilities\;D:\Web\Gradle\bin;D:\Web\Groovy-3.0.0\bin;D:\Dev\Cmajor\\bin;D:\Dev\Android\Android-SDK\platform-tools;D:\Dev\Android\Android-SDK\tools;C:\Program Files (x86)\Intel\OpenCL SDK\2.0\bin\x64;C:\Program Files (x86)\Intel\OpenCL SDK\2.0\bin\x86;;D:\Dev\opencv\build\x64\vc15\bin;D:\Dev\GitExtensions\;D:\Dev\Vagrant\bin;D:\Dev\Graphviz\bin;D:\Web\kotlin\bin;D:\Dev\Julia\bin;D:\Dev\sqlite3;D:\Dev\Nmap;D:\Dev\Fiddler;D:\Web\PHP;D:\Dev\sbt\\bin;D:\Dev\Scala\bin;D:\App\Scoop\shims;D:\App\Scoop\apps\yarn\current\Yarn\bin;;D:\Dev\Haskell\bin;D:\Dev\Haskell\lib\extralibs\bin;D:\Dev\Haskell\mingw\bin;;%PhysX%;C:\Program Files\Microsoft MPI\Bin\;C:\Program Files (x86)\Windows Kits\10\Windows Performance Toolkit\;C:\Program Files (x86)\Windows Kits\10\Microsoft Application Virtualization\Sequencer\;C:\Program Files (x86)\Microsoft SDKs\Azure\CLI2\wbin;C:\Program Files (x86)\Microsoft SDKs\VSTS\CLI\wbin;C:\Program Files\Microsoft SQL Server\130\Tools\Binn\;;D:\Dev\GStreamer\1.0\x86_64\bin;D:\Dev\TeXLive\2018\bin\win32;D:\Dev\Android\Cloud-SDK\google-cloud-sdk\bin;C:\Program Files (x86)\Common Files\Intel\Shared Libraries\redist\intel64\compiler;D:\Program Files\MATLAB\R2018a\runtime\win64;D:\Program Files\MATLAB\R2018a\bin\win64;D:\Dev\gnuplot\bin;D:\Dev\Emacs\bin;D:\Dev\MiKTeX\miktex\bin\x64\;D:\Dev\D\dmd2\windows\bin;D:\Dev\D1\dmd\windows\bin;D:\Dev\DMC\dm\bin;;;C:\Program Files\Common Files\Datawatch\Drivers\7.1.5\jre\bin;C:\Program Files\Common Files\Datawatch\Drivers\7.1.5\jre\bin\server;D:\Dev\ImageMagick;D:\Dev\Enthought\edm\;D:\Dev\GnuWin32\bin;D:\Dev\Gcc-Arm\bin;D:\App\Scoop\apps\yarn\current\bin;D:\Dev\JRuby\bin;C:\Users\johnnie\AppData\Roaming\cabal\bin;C:\Users\johnnie\AppData\Local\Microsoft\WindowsApps;C:\Users\johnnie\AppData\Local\atom\bin;C:\ProgramData\Oracle\Java\javapath;D:\Dev\BawtTcl\bin;C:\Program Files (x86)\Markdown Monster;C:\Users\johnnie\AppData\Local\GitHubDesktop\bin;C:\ProgramData\chocolatey\lib\msys2;D:\Dev\MidnightCommander;D:\Dev\Perforce\Server;C:\Program Files (x86)\clip-pandoc;D:\Program Files (x86)\Skype\Phone\;C:\Users\johnnie\AppData\Local\Microsoft\WindowsApps;C:\Users\johnnie\AppData\Roaming\npm;C:\Users\johnnie\go\bin;
       已完成执行任务“SetEnv”的操作。
       任务“SetEnv”
         LIB=C:\Program Files (x86)\Microsoft Visual Studio\2017\Enterprise\VC\Tools\MSVC\14.13.26128\lib\x64;;C:\Program Files (x86)\Microsoft Visual Studio\2017\Enterprise\VC\Tools\MSVC\14.13.26128\atlmfc\lib\x64;;C:\Program Files (x86)\Microsoft Visual Studio\2017\Enterprise\VC\Auxiliary\VS\lib\x64;;C:\Program Files (x86)\Windows Kits\10\lib\10.0.17134.0\ucrt\x64;;;C:\Program Files (x86)\Windows Kits\10\lib\10.0.17134.0\um\x64;C:\Program Files (x86)\Windows Kits\NETFXSDK\4.6.1\lib\um\x64;;C:\Program Files (x86)\Windows Kits\NETFXSDK\4.6.1\Lib\um\x64
       已完成执行任务“SetEnv”的操作。
       任务“SetEnv”
         LIBPATH=C:\Program Files (x86)\Microsoft Visual Studio\2017\Enterprise\VC\Tools\MSVC\14.13.26128\atlmfc\lib\x64;;C:\Program Files (x86)\Microsoft Visual Studio\2017\Enterprise\VC\Tools\MSVC\14.13.26128\lib\x64;
       已完成执行任务“SetEnv”的操作。
       任务“SetEnv”
         INCLUDE=C:\Program Files (x86)\Microsoft Visual Studio\2017\Enterprise\VC\Tools\MSVC\14.13.26128\include;;C:\Program Files (x86)\Microsoft Visual Studio\2017\Enterprise\VC\Tools\MSVC\14.13.26128\atlmfc\include;;C:\Program Files (x86)\Microsoft Visual Studio\2017\Enterprise\VC\Auxiliary\VS\include;;C:\Program Files (x86)\Windows Kits\10\Include\10.0.17134.0\ucrt;;;C:\Program Files (x86)\Windows Kits\10\Include\10.0.17134.0\um;C:\Program Files (x86)\Windows Kits\10\Include\10.0.17134.0\shared;C:\Program Files (x86)\Windows Kits\10\Include\10.0.17134.0\winrt;C:\Program Files (x86)\Windows Kits\10\Include\10.0.17134.0\cppwinrt;C:\Program Files (x86)\Windows Kits\NETFXSDK\4.6.1\Include\um;C:\Program Files (x86)\Windows Kits\NETFXSDK\4.6.1\Include\um;
       已完成执行任务“SetEnv”的操作。
     1>已完成在项目“Lua53.vcxproj”中生成目标“SetBuildDefaultEnvironmentVariables”的操作。
       由于条件的计算结果为 false，已跳过目标“SetUserMacroEnvironmentVariables”；('@(BuildMacro)' != '' and '$(DesignTimeBuild)' != 'true')的计算结果为('' != '' and '' != 'true')。
       已跳过目标“_PrepareForReferenceResolution”。以前的生成已成功。
     1>来自项目“E:\Work\VisualStudio2017\Lua\Lua53\Lua53\Lua53.vcxproj”的文件“C:\Program Files (x86)\Microsoft Visual Studio\2017\Enterprise\Common7\IDE\VC\VCTargets\Microsoft.CppBuild.targets”中的目标“GetResolvedWinMD”(目标“PrepareForBuild”依赖于它):
     1>已完成在项目“Lua53.vcxproj”中生成目标“GetResolvedWinMD”的操作。
     1>来自项目“E:\Work\VisualStudio2017\Lua\Lua53\Lua53\Lua53.vcxproj”的文件“C:\Program Files (x86)\Microsoft Visual Studio\2017\Enterprise\Common7\IDE\VC\VCTargets\Microsoft.Cpp.Platform.targets”中的目标“PlatformPrepareForBuild”(目标“PrepareForBuild”依赖于它):
       由于 false 条件，已跳过任务“VCMessage”；('$(_Error64bitToolsNotInstalled)' == 'true')计算为('' == 'true')。
       由于 false 条件，已跳过任务“VCMessage”；('$(DesignTimeBuild)'!='true' and '$(_ToolsetFound)' != 'true' and '$(PlatformToolset)' == 'v110')计算为(''!='true' and 'true' != 'true' and 'v141' == 'v110')。
       由于 false 条件，已跳过任务“VCMessage”；('$(DesignTimeBuild)'!='true' and '$(_ToolsetFound)' != 'true' and '$(PlatformToolset)' == 'v100')计算为(''!='true' and 'true' != 'true' and 'v141' == 'v100')。
       由于 false 条件，已跳过任务“VCMessage”；('$(DesignTimeBuild)'!='true' and '$(_ToolsetFound)' != 'true' and '$(PlatformToolset)' == 'v90')计算为(''!='true' and 'true' != 'true' and 'v141' == 'v90')。
       由于 false 条件，已跳过任务“VCMessage”；('$(DesignTimeBuild)'!='true' and '$(_ToolsetFound)' != 'true' and '$(PlatformToolset)' != 'v90' and '$(PlatformToolset)' != 'v100' and '$(PlatformToolset)' != 'v110')计算为(''!='true' and 'true' != 'true' and 'v141' != 'v90' and 'v141' != 'v100' and 'v141' != 'v110')。
     1>已完成在项目“Lua53.vcxproj”中生成目标“PlatformPrepareForBuild”的操作。
     1>来自项目“E:\Work\VisualStudio2017\Lua\Lua53\Lua53\Lua53.vcxproj”的文件“C:\Program Files (x86)\Microsoft Visual Studio\2017\Enterprise\Common7\IDE\VC\VCTargets\Platforms\x64\PlatformToolsets\v141\Toolset.targets”中的目标“Desktop_PlatformPrepareForBuild”(目标“PrepareForBuild”依赖于它):
       由于 false 条件，已跳过任务“VCMessage”；($(MissingSDKProps) == 'true')计算为( == 'true')。
     1>已完成在项目“Lua53.vcxproj”中生成目标“Desktop_PlatformPrepareForBuild”的操作。
       已跳过目标“GetFrameworkPaths”。以前的生成已成功。
       已跳过目标“GetReferenceAssemblyPaths”。以前的生成已成功。
       由于条件的计算结果为 false，已跳过目标“AssignLinkMetadata”；( '$(SynthesizeLinkMetadata)' == 'true' )的计算结果为( '' == 'true' )。
     1>来自项目“E:\Work\VisualStudio2017\Lua\Lua53\Lua53\Lua53.vcxproj”的文件“C:\Program Files (x86)\Microsoft Visual Studio\2017\Enterprise\MSBuild\Microsoft\VisualStudio\v15.0\CodeAnalysis\Microsoft.CodeAnalysis.targets”中的目标“SetCABuildNativeEnvironmentVariables”(目标“PrepareForBuild”依赖于它):
       正在从程序集“C:\Program Files (x86)\Microsoft Visual Studio\2017\Enterprise\MSBuild\15.0\Bin\Microsoft.Build.Tasks.Core.dll”初始化任务工厂“CodeTaskFactory”。
       正在使用来自任务工厂“Code Task Factory”的“SetEnvironmentVariable”任务。
       任务“SetEnvironmentVariable”
       已完成执行任务“SetEnvironmentVariable”的操作。
     1>已完成在项目“Lua53.vcxproj”中生成目标“SetCABuildNativeEnvironmentVariables”的操作。
     1>来自项目“E:\Work\VisualStudio2017\Lua\Lua53\Lua53\Lua53.vcxproj”的文件“C:\Program Files (x86)\Microsoft Visual Studio\2017\Enterprise\Common7\IDE\VC\VCTargets\Microsoft.CppBuild.targets”中的目标“PrepareForBuild”(目标“ResolveAssemblyReferences”依赖于它):
       由于 false 条件，已跳过任务“VCMessage”；('$(DesignTimeBuild)' != 'true' and '$(ConfigurationPlatformExists)' != 'true')计算为('' != 'true' and 'true' != 'true')。
       正在使用程序集“Microsoft.Build.Tasks.Core, Version=15.1.0.0, Culture=neutral, PublicKeyToken=b03f5f7f11d50a3a”中的“MakeDir”任务。
       任务“MakeDir”
       已完成执行任务“MakeDir”的操作。
       由于 false 条件，已跳过任务“VCMessage”；('$(DesignTimeBuild)'!='true' and '$(WindowsAppContainer)'=='true' and '$(ConfigurationType)'!='Application' and '$(ConfigurationType)'!='DynamicLibrary' and '$(ConfigurationType)'!='StaticLibrary')计算为(''!='true' and 'false'=='true' and 'StaticLibrary'!='Application' and 'StaticLibrary'!='DynamicLibrary' and 'StaticLibrary'!='StaticLibrary')。
       由于 false 条件，已跳过任务“VCMessage”；('$(DesignTimeBuild)'!='true' and '$(VCToolsInstallDir)'=='' and '$(UseEnv)' != 'true' and ('$(TargetFrameworkVersion)'=='v3.5' or '$(TargetFrameworkVersion)'=='v3.0' or '$(TargetFrameworkVersion)'=='v2.0' ))计算为(''!='true' and 'C:\Program Files (x86)\Microsoft Visual Studio\2017\Enterprise\VC\Tools\MSVC\14.13.26128\'=='' and '' != 'true' and ('v4.0'=='v3.5' or 'v4.0'=='v3.0' or 'v4.0'=='v2.0' ))。
       由于 false 条件，已跳过任务“VCMessage”；('$(DesignTimeBuild)'!='true' and '$(VCToolsInstallDir)'=='' and '$(UseEnv)' != 'true' and '$(PlatformToolset)'=='v90')计算为(''!='true' and 'C:\Program Files (x86)\Microsoft Visual Studio\2017\Enterprise\VC\Tools\MSVC\14.13.26128\'=='' and '' != 'true' and 'v141'=='v90')。
       由于 false 条件，已跳过任务“VCMessage”；('$(DesignTimeBuild)'!='true' and '$(VCToolsInstallDir)'=='' and '$(UseEnv)' != 'true')计算为(''!='true' and 'C:\Program Files (x86)\Microsoft Visual Studio\2017\Enterprise\VC\Tools\MSVC\14.13.26128\'=='' and '' != 'true')。
       由于 false 条件，已跳过任务“VCMessage”；('$(DesignTimeBuild)'!='true' and '$(WindowsSDKDir)'=='' and '$(UseEnv)' != 'true')计算为(''!='true' and 'C:\Program Files (x86)\Windows Kits\10\'=='' and '' != 'true')。
       由于 false 条件，已跳过任务“VCMessage”；('$(DesignTimeBuild)'!='true' and '$(IntDirTrailingSlashWarning)'=='true')计算为(''!='true' and ''=='true')。
       由于 false 条件，已跳过任务“VCMessage”；('$(DesignTimeBuild)'!='true' and '$(OutDirTrailingSlashWarning)'=='true')计算为(''!='true' and ''=='true')。
       由于 false 条件，已跳过任务“VCMessage”；('%(CompatibilityIssues.Identity)' != '' and '$(DesignTimeBuild)'!='true')计算为('' != '' and ''!='true')。
       由于 false 条件，已跳过任务“VCMessage”；('$(IgnoreWarnIntDirSharingDetected)' != 'true' and '$(IntDirSharingDetected)' == 'true')计算为('' != 'true' and '' == 'true')。
       由于 false 条件，已跳过任务“VCMessage”；('$(DesignTimeBuild)'!='true' and '$(IgnoreWarnIntDirInTempDetected)' != 'true' and ('$(_IntDirFullpath.StartsWith($(Tmp), true, null))' == 'true' or '$(_IntDirFullpath.StartsWith($(Temp), true, null))' == 'true' or '$(_OutDirFullpath.StartsWith($(Tmp), true, null))' == 'true' or '$(_OutDirFullpath.StartsWith($(Temp), true, null))' == 'true'))计算为(''!='true' and '' != 'true' and ('False' == 'true' or 'False' == 'true' or 'False' == 'true' or 'False' == 'true'))。
       任务“MakeDir”
       已完成执行任务“MakeDir”的操作。
     1>已完成在项目“Lua53.vcxproj”中生成目标“PrepareForBuild”的操作。
       已跳过目标“_PrepareForReferenceResolution”。以前的生成已成功。
       由于条件的计算结果为 false，已跳过目标“ComputeCrtSDKReference”；('@(ClCompile)'!='' and '$(WindowsAppContainer)'=='true' and '$(UseCrtSDKReference)' != 'false')的计算结果为('..\src\lapi.c;..\src\lauxlib.c;..\src\lbaselib.c;..\src\lbitlib.c;..\src\lcode.c;..\src\lcorolib.c;..\src\lctype.c;..\src\ldblib.c;..\src\ldebug.c;..\src\ldo.c;..\src\ldump.c;..\src\lfunc.c;..\src\lgc.c;..\src\linit.c;..\src\liolib.c;..\src\llex.c;..\src\lmathlib.c;..\src\lmem.c;..\src\loadlib.c;..\src\lobject.c;..\src\lopcodes.c;..\src\loslib.c;..\src\lparser.c;..\src\lstate.c;..\src\lstring.c;..\src\lstrlib.c;..\src\ltable.c;..\src\ltablib.c;..\src\ltm.c;..\src\lundump.c;..\src\lutf8lib.c;..\src\lvm.c;..\src\lzio.c'!='' and 'false'=='true' and '' != 'false')。
       由于条件的计算结果为 false，已跳过目标“GetInstalledSDKLocations”；('@(SDKReference)' != '')的计算结果为('' != '')。
     1>来自项目“E:\Work\VisualStudio2017\Lua\Lua53\Lua53\Lua53.vcxproj”的文件“C:\Program Files (x86)\Microsoft Visual Studio\2017\Enterprise\MSBuild\15.0\Bin\Microsoft.Common.CurrentVersion.targets”中的目标“ResolveSDKReferences”(目标“ResolveAssemblyReferences”依赖于它):
       由于 false 条件，已跳过任务“ResolveSDKReference”；('@(SDKReference)'!='')计算为(''!='')。
     1>已完成在项目“Lua53.vcxproj”中生成目标“ResolveSDKReferences”的操作。
       已跳过目标“ResolveSDKReferences”。以前的生成已成功。
     1>来自项目“E:\Work\VisualStudio2017\Lua\Lua53\Lua53\Lua53.vcxproj”的文件“C:\Program Files (x86)\Microsoft Visual Studio\2017\Enterprise\MSBuild\15.0\Bin\Microsoft.Common.CurrentVersion.targets”中的目标“ExpandSDKReferences”(目标“ResolveAssemblyReferences”依赖于它):
       由于 false 条件，已跳过任务“GetSDKReferenceFiles”；('@(ResolvedSDKReference)'!='')计算为(''!='')。
     1>已完成在项目“Lua53.vcxproj”中生成目标“ExpandSDKReferences”的操作。
       由于条件的计算结果为 false，已跳过目标“ResolveNuGetPackageAssets”；('$(ResolveNuGetPackages)' == 'true' and exists('$(ProjectLockFile)'))的计算结果为('true' == 'true' and exists('obj\project.assets.json'))。
       由于条件的计算结果为 false，已跳过目标“FakesGenerateBeforeBuild”；(@(Fakes) != '' AND $(BuildingProject))的计算结果为( != '' AND true)。
       由于条件的计算结果为 false，已跳过目标“ImplicitlyExpandNETStandardFacades”；('$(ImplicitlyExpandNETStandardFacades)' == 'true')的计算结果为('' == 'true')。
       已跳过目标“GetReferenceAssemblyPaths”。以前的生成已成功。
       由于条件的计算结果为 false，已跳过目标“ImplicitlyExpandNETStandardFacades”；('$(ImplicitlyExpandNETStandardFacades)' == 'true')的计算结果为('' == 'true')。
     1>来自项目“E:\Work\VisualStudio2017\Lua\Lua53\Lua53\Lua53.vcxproj”的文件“C:\Program Files (x86)\Microsoft Visual Studio\2017\Enterprise\MSBuild\Microsoft\Microsoft.NET.Build.Extensions\Microsoft.NET.Build.Extensions.ConflictResolution.targets”中的目标“_HandlePackageFileConflicts”(目标“ResolveAssemblyReferences”依赖于它):
       正在使用程序集“C:\Program Files (x86)\Microsoft Visual Studio\2017\Enterprise\MSBuild\Microsoft\Microsoft.NET.Build.Extensions\\tools\net46\Microsoft.NET.Build.Extensions.Tasks.dll”中的“ResolvePackageFileConflicts”任务。
       任务“ResolvePackageFileConflicts”
       已完成执行任务“ResolvePackageFileConflicts”的操作。
     1>已完成在项目“Lua53.vcxproj”中生成目标“_HandlePackageFileConflicts”的操作。
     1>来自项目“E:\Work\VisualStudio2017\Lua\Lua53\Lua53\Lua53.vcxproj”的文件“C:\Program Files (x86)\Microsoft Visual Studio\2017\Enterprise\MSBuild\15.0\Bin\Microsoft.Common.CurrentVersion.targets”中的目标“ResolveAssemblyReferences”(目标“ResolveReferences”依赖于它):
       由于 false 条件，已跳过任务“ResolveAssemblyReference”；('@(Reference)'!='' or '@(_ResolvedProjectReferencePaths)'!='' or '@(_ExplicitReference)' != '')计算为(''!='' or ''!='' or '' != '')。
     1>已完成在项目“Lua53.vcxproj”中生成目标“ResolveAssemblyReferences”的操作。
       由于条件的计算结果为 false，已跳过目标“GenerateBindingRedirects”；('$(AutoGenerateBindingRedirects)' == 'true' and '$(GenerateBindingRedirectsOutputType)' == 'true')的计算结果为('' == 'true' and '' == 'true')。
       由于条件的计算结果为 false，已跳过目标“GenerateBindingRedirectsUpdateAppConfig”；('$(AutoGenerateBindingRedirects)' == 'true' and '$(GenerateBindingRedirectsOutputType)' == 'true' and Exists('$(_GenerateBindingRedirectsIntermediateAppConfig)'))的计算结果为('' == 'true' and '' == 'true' and Exists('x64\Release\Lua53.lib.config'))。
       由于条件的计算结果为 false，已跳过目标“ResolveComReferences”；('@(COMReference)'!='' or '@(COMFileReference)'!='')的计算结果为(''!='' or ''!='')。
     1>来自项目“E:\Work\VisualStudio2017\Lua\Lua53\Lua53\Lua53.vcxproj”的文件“C:\Program Files (x86)\Microsoft Visual Studio\2017\Enterprise\MSBuild\15.0\Bin\Microsoft.Common.CurrentVersion.targets”中的目标“AfterResolveReferences”(目标“ResolveReferences”依赖于它):
     1>已完成在项目“Lua53.vcxproj”中生成目标“AfterResolveReferences”的操作。
       由于条件的计算结果为 false，已跳过目标“ImplicitlyExpandDesignTimeFacades”；('$(ImplicitlyExpandDesignTimeFacades)' == 'true')的计算结果为('' == 'true')。
       由于条件的计算结果为 false，已跳过目标“ResolveTestReferences”；('@(Shadow)'!='')的计算结果为(''!='')。
     1>来自项目“E:\Work\VisualStudio2017\Lua\Lua53\Lua53\Lua53.vcxproj”的文件“C:\Program Files (x86)\Microsoft Visual Studio\2017\Enterprise\MSBuild\15.0\Bin\Microsoft.Common.CurrentVersion.targets”中的目标“ResolveReferences”(目标“Build”依赖于它):
     1>已完成在项目“Lua53.vcxproj”中生成目标“ResolveReferences”的操作。
       已跳过目标“PrepareForBuild”。以前的生成已成功。
       已跳过目标“PrepareForBuild”。以前的生成已成功。
     1>来自项目“E:\Work\VisualStudio2017\Lua\Lua53\Lua53\Lua53.vcxproj”的文件“C:\Program Files (x86)\Microsoft Visual Studio\2017\Enterprise\Common7\IDE\VC\VCTargets\Microsoft.CppBuild.targets”中的目标“InitializeBuildStatus”(目标“Build”依赖于它):
       正在使用程序集“Microsoft.Build.Tasks.Core, Version=15.1.0.0, Culture=neutral, PublicKeyToken=b03f5f7f11d50a3a”中的“ReadLinesFromFile”任务。
       任务“ReadLinesFromFile”
       已完成执行任务“ReadLinesFromFile”的操作。
       正在使用程序集“Microsoft.Build.Tasks.Core, Version=15.1.0.0, Culture=neutral, PublicKeyToken=b03f5f7f11d50a3a”中的“WriteLinesToFile”任务。
       任务“WriteLinesToFile”
       已完成执行任务“WriteLinesToFile”的操作。
       正在使用程序集“Microsoft.Build.Tasks.Core, Version=15.1.0.0, Culture=neutral, PublicKeyToken=b03f5f7f11d50a3a”中的“Touch”任务。
       任务“Touch”
         正在创建“x64\Release\Lua53.tlog\unsuccessfulbuild”，因为已指定“AlwaysCreate”。
       已完成执行任务“Touch”的操作。
     1>已完成在项目“Lua53.vcxproj”中生成目标“InitializeBuildStatus”的操作。
       已跳过目标“PrepareProjectReferences”。以前的生成已成功。
     1>来自项目“E:\Work\VisualStudio2017\Lua\Lua53\Lua53\Lua53.vcxproj”的文件“C:\Program Files (x86)\Microsoft Visual Studio\2017\Enterprise\MSBuild\15.0\Bin\Microsoft.Common.CurrentVersion.targets”中的目标“BuildGenerateSourcesTraverse”(目标“BuildGenerateSources”依赖于它):
       由于 false 条件，已跳过任务“MSBuild”；('$(BuildPassReferences)' == 'true' and '@(ProjectReferenceWithConfiguration)' != '' and '@(_MSBuildProjectReferenceExistent)' != '' and '%(_MSBuildProjectReferenceExistent.BuildReference)' == 'true')计算为('' == 'true' and '' != '' and '' != '' and '' == 'true')。
     1>已完成在项目“Lua53.vcxproj”中生成目标“BuildGenerateSourcesTraverse”的操作。
       已跳过目标“PrepareForBuild”。以前的生成已成功。
       已跳过目标“ResolveReferences”。以前的生成已成功。
     1>来自项目“E:\Work\VisualStudio2017\Lua\Lua53\Lua53\Lua53.vcxproj”的文件“C:\Program Files (x86)\Microsoft Visual Studio\2017\Enterprise\Common7\IDE\VC\VCTargets\Microsoft.BuildSteps.Targets”中的目标“BeforeBuildGenerateSources”(目标“_BuildGenerateSourcesAction”依赖于它):
     1>已完成在项目“Lua53.vcxproj”中生成目标“BeforeBuildGenerateSources”的操作。
     1>来自项目“E:\Work\VisualStudio2017\Lua\Lua53\Lua53\Lua53.vcxproj”的文件“C:\Program Files (x86)\Microsoft Visual Studio\2017\Enterprise\Common7\IDE\VC\VCTargets\Microsoft.CppCommon.targets”中的目标“PreBuildEvent”(目标“_BuildGenerateSourcesAction”依赖于它):
       由于 false 条件，已跳过任务“Message”；('%(PreBuildEvent.Message)' != '' and '%(PreBuildEvent.Command)' != '')计算为('' != '' and '' != '')。
       由于 false 条件，已跳过任务“Exec”；('%(PreBuildEvent.Command)' != '')计算为('' != '')。
     1>已完成在项目“Lua53.vcxproj”中生成目标“PreBuildEvent”的操作。
       由于条件的计算结果为 false，已跳过目标“CustomBuild”；('@(CustomBuild)' != '')的计算结果为('' != '')。
       由于条件的计算结果为 false，已跳过目标“FxExport”；('@(FxCompile)' != '')的计算结果为('' != '')。
       由于条件的计算结果为 false，已跳过目标“FxCompile”；('@(FxCompile)' != '')的计算结果为('' != '')。
       由于条件的计算结果为 false，已跳过目标“Xsd”；('@(Xsd)' != '')的计算结果为('' != '')。
     1>来自项目“E:\Work\VisualStudio2017\Lua\Lua53\Lua53\Lua53.vcxproj”的文件“C:\Program Files (x86)\Microsoft Visual Studio\2017\Enterprise\Common7\IDE\VC\VCTargets\Microsoft.CppBuild.targets”中的目标“_Xsd”(目标“_BuildGenerateSourcesAction”依赖于它):
     1>已完成在项目“Lua53.vcxproj”中生成目标“_Xsd”的操作。
     1>来自项目“E:\Work\VisualStudio2017\Lua\Lua53\Lua53\Lua53.vcxproj”的文件“C:\Program Files (x86)\Microsoft Visual Studio\2017\Enterprise\Common7\IDE\VC\VCTargets\Microsoft.CppBuild.targets”中的目标“MakeDirsForMidl”(目标“_Midl”依赖于它):
       任务“Makedir”
       已完成执行任务“Makedir”的操作。
     1>已完成在项目“Lua53.vcxproj”中生成目标“MakeDirsForMidl”的操作。
       由于条件的计算结果为 false，已跳过目标“Midl”；('@(Midl)' != '')的计算结果为('' != '')。
       由于条件的计算结果为 false，已跳过目标“CustomBuild”；('@(CustomBuild)' != '')的计算结果为('' != '')。
       由于条件的计算结果为 false，已跳过目标“FxExport”；('@(FxCompile)' != '')的计算结果为('' != '')。
       由于条件的计算结果为 false，已跳过目标“FxCompile”；('@(FxCompile)' != '')的计算结果为('' != '')。
     1>来自项目“E:\Work\VisualStudio2017\Lua\Lua53\Lua53\Lua53.vcxproj”的文件“C:\Program Files (x86)\Microsoft Visual Studio\2017\Enterprise\Common7\IDE\VC\VCTargets\Microsoft.CppBuild.targets”中的目标“ComputeMIDLGeneratedCompileInputs”(目标“_Midl”依赖于它):
     1>已完成在项目“Lua53.vcxproj”中生成目标“ComputeMIDLGeneratedCompileInputs”的操作。
     1>来自项目“E:\Work\VisualStudio2017\Lua\Lua53\Lua53\Lua53.vcxproj”的文件“C:\Program Files (x86)\Microsoft Visual Studio\2017\Enterprise\Common7\IDE\VC\VCTargets\Microsoft.CppBuild.targets”中的目标“AfterMidl”(目标“_Midl”依赖于它):
     1>已完成在项目“Lua53.vcxproj”中生成目标“AfterMidl”的操作。
     1>来自项目“E:\Work\VisualStudio2017\Lua\Lua53\Lua53\Lua53.vcxproj”的文件“C:\Program Files (x86)\Microsoft Visual Studio\2017\Enterprise\Common7\IDE\VC\VCTargets\Microsoft.CppBuild.targets”中的目标“_Midl”(目标“_BuildGenerateSourcesAction”依赖于它):
     1>已完成在项目“Lua53.vcxproj”中生成目标“_Midl”的操作。
     1>来自项目“E:\Work\VisualStudio2017\Lua\Lua53\Lua53\Lua53.vcxproj”的文件“C:\Program Files (x86)\Microsoft Visual Studio\2017\Enterprise\Common7\IDE\VC\VCTargets\Microsoft.BuildSteps.Targets”中的目标“AfterBuildGenerateSources”(目标“_BuildGenerateSourcesAction”依赖于它):
     1>已完成在项目“Lua53.vcxproj”中生成目标“AfterBuildGenerateSources”的操作。
     1>来自项目“E:\Work\VisualStudio2017\Lua\Lua53\Lua53\Lua53.vcxproj”的文件“C:\Program Files (x86)\Microsoft Visual Studio\2017\Enterprise\Common7\IDE\VC\VCTargets\Microsoft.CppBuild.targets”中的目标“AfterBuildGenerateSourcesEvent”(目标“_BuildGenerateSourcesAction”依赖于它):
     1>已完成在项目“Lua53.vcxproj”中生成目标“AfterBuildGenerateSourcesEvent”的操作。
     1>来自项目“E:\Work\VisualStudio2017\Lua\Lua53\Lua53\Lua53.vcxproj”的文件“C:\Program Files (x86)\Microsoft Visual Studio\2017\Enterprise\Common7\IDE\VC\VCTargets\Microsoft.CppBuild.targets”中的目标“_BuildGenerateSourcesAction”(目标“BuildGenerateSources”依赖于它):
     1>已完成在项目“Lua53.vcxproj”中生成目标“_BuildGenerateSourcesAction”的操作。
     1>来自项目“E:\Work\VisualStudio2017\Lua\Lua53\Lua53\Lua53.vcxproj”的文件“C:\Program Files (x86)\Microsoft Visual Studio\2017\Enterprise\MSBuild\15.0\Bin\Microsoft.Common.CurrentVersion.targets”中的目标“BuildGenerateSources”(目标“Build”依赖于它):
     1>已完成在项目“Lua53.vcxproj”中生成目标“BuildGenerateSources”的操作。
       已跳过目标“PrepareProjectReferences”。以前的生成已成功。
     1>来自项目“E:\Work\VisualStudio2017\Lua\Lua53\Lua53\Lua53.vcxproj”的文件“C:\Program Files (x86)\Microsoft Visual Studio\2017\Enterprise\MSBuild\15.0\Bin\Microsoft.Common.CurrentVersion.targets”中的目标“BuildCompileTraverse”(目标“BuildCompile”依赖于它):
       由于 false 条件，已跳过任务“MSBuild”；('$(BuildPassReferences)' == 'true' and '@(ProjectReferenceWithConfiguration)' != '' and '@(_MSBuildProjectReferenceExistent)' != ''  and '%(_MSBuildProjectReferenceExistent.BuildReference)' == 'true')计算为('' == 'true' and '' != '' and '' != ''  and '' == 'true')。
     1>已完成在项目“Lua53.vcxproj”中生成目标“BuildCompileTraverse”的操作。
       已跳过目标“PrepareForBuild”。以前的生成已成功。
       已跳过目标“ResolveReferences”。以前的生成已成功。
     1>来自项目“E:\Work\VisualStudio2017\Lua\Lua53\Lua53\Lua53.vcxproj”的文件“C:\Program Files (x86)\Microsoft Visual Studio\2017\Enterprise\Common7\IDE\VC\VCTargets\Microsoft.CppBuild.targets”中的目标“BeforeClCompile”(目标“_ClCompile”依赖于它):
     1>已完成在项目“Lua53.vcxproj”中生成目标“BeforeClCompile”的操作。
       已跳过目标“ComputeMIDLGeneratedCompileInputs”。以前的生成已成功。
     1>来自项目“E:\Work\VisualStudio2017\Lua\Lua53\Lua53\Lua53.vcxproj”的文件“C:\Program Files (x86)\Microsoft Visual Studio\2017\Enterprise\Common7\IDE\VC\VCTargets\Microsoft.CppBuild.targets”中的目标“ComputeCLInputPDBName”(目标“_ClCompile”依赖于它):
     1>已完成在项目“Lua53.vcxproj”中生成目标“ComputeCLInputPDBName”的操作。
       已跳过目标“ResolveReferences”。以前的生成已成功。
     1>来自项目“E:\Work\VisualStudio2017\Lua\Lua53\Lua53\Lua53.vcxproj”的文件“C:\Program Files (x86)\Microsoft Visual Studio\2017\Enterprise\Common7\IDE\VC\VCTargets\Microsoft.CppBuild.targets”中的目标“ComputeReferenceCLInput”(目标“_ClCompile”依赖于它):
       由于 false 条件，已跳过任务“WriteLinesToFile”；(('@(_ReferenceCopyLocalPaths)'!='') and '$(DesignTimeBuild)' != 'true')计算为((''!='') and '' != 'true')。
       由于 false 条件，已跳过任务“Message”；('$(_REFERENCE_DEBUG)'=='true')计算为(''=='true')。
     1>已完成在项目“Lua53.vcxproj”中生成目标“ComputeReferenceCLInput”的操作。
     1>来自项目“E:\Work\VisualStudio2017\Lua\Lua53\Lua53\Lua53.vcxproj”的文件“C:\Program Files (x86)\Microsoft Visual Studio\2017\Enterprise\Common7\IDE\VC\VCTargets\Microsoft.CppBuild.targets”中的目标“WarnCompileDuplicatedFilename”(目标“_ClCompile”依赖于它):
       由于 false 条件，已跳过任务“VCMessage”；('%(ClCompile.ExcludedFromBuild)' != 'true' and '%(Filename)%(Extension)' != '@(ClCompile->'%(Filename)%(Extension)')' and '%(ObjectFileName)' == '@(ClCompile->Metadata(ObjectFileName)->Distinct())')计算为('' != 'true' and 'lapi.c' != 'lapi.c' and 'x64\Release\' == 'x64\Release\')。
       由于 false 条件，已跳过任务“VCMessage”；('%(ClCompile.ExcludedFromBuild)' != 'true' and '%(Filename)%(Extension)' != '@(ClCompile->'%(Filename)%(Extension)')' and '%(ObjectFileName)' == '@(ClCompile->Metadata(ObjectFileName)->Distinct())')计算为('' != 'true' and 'lauxlib.c' != 'lauxlib.c' and 'x64\Release\' == 'x64\Release\')。
       由于 false 条件，已跳过任务“VCMessage”；('%(ClCompile.ExcludedFromBuild)' != 'true' and '%(Filename)%(Extension)' != '@(ClCompile->'%(Filename)%(Extension)')' and '%(ObjectFileName)' == '@(ClCompile->Metadata(ObjectFileName)->Distinct())')计算为('' != 'true' and 'lbaselib.c' != 'lbaselib.c' and 'x64\Release\' == 'x64\Release\')。
       由于 false 条件，已跳过任务“VCMessage”；('%(ClCompile.ExcludedFromBuild)' != 'true' and '%(Filename)%(Extension)' != '@(ClCompile->'%(Filename)%(Extension)')' and '%(ObjectFileName)' == '@(ClCompile->Metadata(ObjectFileName)->Distinct())')计算为('' != 'true' and 'lbitlib.c' != 'lbitlib.c' and 'x64\Release\' == 'x64\Release\')。
       由于 false 条件，已跳过任务“VCMessage”；('%(ClCompile.ExcludedFromBuild)' != 'true' and '%(Filename)%(Extension)' != '@(ClCompile->'%(Filename)%(Extension)')' and '%(ObjectFileName)' == '@(ClCompile->Metadata(ObjectFileName)->Distinct())')计算为('' != 'true' and 'lcode.c' != 'lcode.c' and 'x64\Release\' == 'x64\Release\')。
       由于 false 条件，已跳过任务“VCMessage”；('%(ClCompile.ExcludedFromBuild)' != 'true' and '%(Filename)%(Extension)' != '@(ClCompile->'%(Filename)%(Extension)')' and '%(ObjectFileName)' == '@(ClCompile->Metadata(ObjectFileName)->Distinct())')计算为('' != 'true' and 'lcorolib.c' != 'lcorolib.c' and 'x64\Release\' == 'x64\Release\')。
       由于 false 条件，已跳过任务“VCMessage”；('%(ClCompile.ExcludedFromBuild)' != 'true' and '%(Filename)%(Extension)' != '@(ClCompile->'%(Filename)%(Extension)')' and '%(ObjectFileName)' == '@(ClCompile->Metadata(ObjectFileName)->Distinct())')计算为('' != 'true' and 'lctype.c' != 'lctype.c' and 'x64\Release\' == 'x64\Release\')。
       由于 false 条件，已跳过任务“VCMessage”；('%(ClCompile.ExcludedFromBuild)' != 'true' and '%(Filename)%(Extension)' != '@(ClCompile->'%(Filename)%(Extension)')' and '%(ObjectFileName)' == '@(ClCompile->Metadata(ObjectFileName)->Distinct())')计算为('' != 'true' and 'ldblib.c' != 'ldblib.c' and 'x64\Release\' == 'x64\Release\')。
       由于 false 条件，已跳过任务“VCMessage”；('%(ClCompile.ExcludedFromBuild)' != 'true' and '%(Filename)%(Extension)' != '@(ClCompile->'%(Filename)%(Extension)')' and '%(ObjectFileName)' == '@(ClCompile->Metadata(ObjectFileName)->Distinct())')计算为('' != 'true' and 'ldebug.c' != 'ldebug.c' and 'x64\Release\' == 'x64\Release\')。
       由于 false 条件，已跳过任务“VCMessage”；('%(ClCompile.ExcludedFromBuild)' != 'true' and '%(Filename)%(Extension)' != '@(ClCompile->'%(Filename)%(Extension)')' and '%(ObjectFileName)' == '@(ClCompile->Metadata(ObjectFileName)->Distinct())')计算为('' != 'true' and 'ldo.c' != 'ldo.c' and 'x64\Release\' == 'x64\Release\')。
       由于 false 条件，已跳过任务“VCMessage”；('%(ClCompile.ExcludedFromBuild)' != 'true' and '%(Filename)%(Extension)' != '@(ClCompile->'%(Filename)%(Extension)')' and '%(ObjectFileName)' == '@(ClCompile->Metadata(ObjectFileName)->Distinct())')计算为('' != 'true' and 'ldump.c' != 'ldump.c' and 'x64\Release\' == 'x64\Release\')。
       由于 false 条件，已跳过任务“VCMessage”；('%(ClCompile.ExcludedFromBuild)' != 'true' and '%(Filename)%(Extension)' != '@(ClCompile->'%(Filename)%(Extension)')' and '%(ObjectFileName)' == '@(ClCompile->Metadata(ObjectFileName)->Distinct())')计算为('' != 'true' and 'lfunc.c' != 'lfunc.c' and 'x64\Release\' == 'x64\Release\')。
       由于 false 条件，已跳过任务“VCMessage”；('%(ClCompile.ExcludedFromBuild)' != 'true' and '%(Filename)%(Extension)' != '@(ClCompile->'%(Filename)%(Extension)')' and '%(ObjectFileName)' == '@(ClCompile->Metadata(ObjectFileName)->Distinct())')计算为('' != 'true' and 'lgc.c' != 'lgc.c' and 'x64\Release\' == 'x64\Release\')。
       由于 false 条件，已跳过任务“VCMessage”；('%(ClCompile.ExcludedFromBuild)' != 'true' and '%(Filename)%(Extension)' != '@(ClCompile->'%(Filename)%(Extension)')' and '%(ObjectFileName)' == '@(ClCompile->Metadata(ObjectFileName)->Distinct())')计算为('' != 'true' and 'linit.c' != 'linit.c' and 'x64\Release\' == 'x64\Release\')。
       由于 false 条件，已跳过任务“VCMessage”；('%(ClCompile.ExcludedFromBuild)' != 'true' and '%(Filename)%(Extension)' != '@(ClCompile->'%(Filename)%(Extension)')' and '%(ObjectFileName)' == '@(ClCompile->Metadata(ObjectFileName)->Distinct())')计算为('' != 'true' and 'liolib.c' != 'liolib.c' and 'x64\Release\' == 'x64\Release\')。
       由于 false 条件，已跳过任务“VCMessage”；('%(ClCompile.ExcludedFromBuild)' != 'true' and '%(Filename)%(Extension)' != '@(ClCompile->'%(Filename)%(Extension)')' and '%(ObjectFileName)' == '@(ClCompile->Metadata(ObjectFileName)->Distinct())')计算为('' != 'true' and 'llex.c' != 'llex.c' and 'x64\Release\' == 'x64\Release\')。
       由于 false 条件，已跳过任务“VCMessage”；('%(ClCompile.ExcludedFromBuild)' != 'true' and '%(Filename)%(Extension)' != '@(ClCompile->'%(Filename)%(Extension)')' and '%(ObjectFileName)' == '@(ClCompile->Metadata(ObjectFileName)->Distinct())')计算为('' != 'true' and 'lmathlib.c' != 'lmathlib.c' and 'x64\Release\' == 'x64\Release\')。
       由于 false 条件，已跳过任务“VCMessage”；('%(ClCompile.ExcludedFromBuild)' != 'true' and '%(Filename)%(Extension)' != '@(ClCompile->'%(Filename)%(Extension)')' and '%(ObjectFileName)' == '@(ClCompile->Metadata(ObjectFileName)->Distinct())')计算为('' != 'true' and 'lmem.c' != 'lmem.c' and 'x64\Release\' == 'x64\Release\')。
       由于 false 条件，已跳过任务“VCMessage”；('%(ClCompile.ExcludedFromBuild)' != 'true' and '%(Filename)%(Extension)' != '@(ClCompile->'%(Filename)%(Extension)')' and '%(ObjectFileName)' == '@(ClCompile->Metadata(ObjectFileName)->Distinct())')计算为('' != 'true' and 'loadlib.c' != 'loadlib.c' and 'x64\Release\' == 'x64\Release\')。
       由于 false 条件，已跳过任务“VCMessage”；('%(ClCompile.ExcludedFromBuild)' != 'true' and '%(Filename)%(Extension)' != '@(ClCompile->'%(Filename)%(Extension)')' and '%(ObjectFileName)' == '@(ClCompile->Metadata(ObjectFileName)->Distinct())')计算为('' != 'true' and 'lobject.c' != 'lobject.c' and 'x64\Release\' == 'x64\Release\')。
       由于 false 条件，已跳过任务“VCMessage”；('%(ClCompile.ExcludedFromBuild)' != 'true' and '%(Filename)%(Extension)' != '@(ClCompile->'%(Filename)%(Extension)')' and '%(ObjectFileName)' == '@(ClCompile->Metadata(ObjectFileName)->Distinct())')计算为('' != 'true' and 'lopcodes.c' != 'lopcodes.c' and 'x64\Release\' == 'x64\Release\')。
       由于 false 条件，已跳过任务“VCMessage”；('%(ClCompile.ExcludedFromBuild)' != 'true' and '%(Filename)%(Extension)' != '@(ClCompile->'%(Filename)%(Extension)')' and '%(ObjectFileName)' == '@(ClCompile->Metadata(ObjectFileName)->Distinct())')计算为('' != 'true' and 'loslib.c' != 'loslib.c' and 'x64\Release\' == 'x64\Release\')。
       由于 false 条件，已跳过任务“VCMessage”；('%(ClCompile.ExcludedFromBuild)' != 'true' and '%(Filename)%(Extension)' != '@(ClCompile->'%(Filename)%(Extension)')' and '%(ObjectFileName)' == '@(ClCompile->Metadata(ObjectFileName)->Distinct())')计算为('' != 'true' and 'lparser.c' != 'lparser.c' and 'x64\Release\' == 'x64\Release\')。
       由于 false 条件，已跳过任务“VCMessage”；('%(ClCompile.ExcludedFromBuild)' != 'true' and '%(Filename)%(Extension)' != '@(ClCompile->'%(Filename)%(Extension)')' and '%(ObjectFileName)' == '@(ClCompile->Metadata(ObjectFileName)->Distinct())')计算为('' != 'true' and 'lstate.c' != 'lstate.c' and 'x64\Release\' == 'x64\Release\')。
       由于 false 条件，已跳过任务“VCMessage”；('%(ClCompile.ExcludedFromBuild)' != 'true' and '%(Filename)%(Extension)' != '@(ClCompile->'%(Filename)%(Extension)')' and '%(ObjectFileName)' == '@(ClCompile->Metadata(ObjectFileName)->Distinct())')计算为('' != 'true' and 'lstring.c' != 'lstring.c' and 'x64\Release\' == 'x64\Release\')。
       由于 false 条件，已跳过任务“VCMessage”；('%(ClCompile.ExcludedFromBuild)' != 'true' and '%(Filename)%(Extension)' != '@(ClCompile->'%(Filename)%(Extension)')' and '%(ObjectFileName)' == '@(ClCompile->Metadata(ObjectFileName)->Distinct())')计算为('' != 'true' and 'lstrlib.c' != 'lstrlib.c' and 'x64\Release\' == 'x64\Release\')。
       由于 false 条件，已跳过任务“VCMessage”；('%(ClCompile.ExcludedFromBuild)' != 'true' and '%(Filename)%(Extension)' != '@(ClCompile->'%(Filename)%(Extension)')' and '%(ObjectFileName)' == '@(ClCompile->Metadata(ObjectFileName)->Distinct())')计算为('' != 'true' and 'ltable.c' != 'ltable.c' and 'x64\Release\' == 'x64\Release\')。
       由于 false 条件，已跳过任务“VCMessage”；('%(ClCompile.ExcludedFromBuild)' != 'true' and '%(Filename)%(Extension)' != '@(ClCompile->'%(Filename)%(Extension)')' and '%(ObjectFileName)' == '@(ClCompile->Metadata(ObjectFileName)->Distinct())')计算为('' != 'true' and 'ltablib.c' != 'ltablib.c' and 'x64\Release\' == 'x64\Release\')。
       由于 false 条件，已跳过任务“VCMessage”；('%(ClCompile.ExcludedFromBuild)' != 'true' and '%(Filename)%(Extension)' != '@(ClCompile->'%(Filename)%(Extension)')' and '%(ObjectFileName)' == '@(ClCompile->Metadata(ObjectFileName)->Distinct())')计算为('' != 'true' and 'ltm.c' != 'ltm.c' and 'x64\Release\' == 'x64\Release\')。
       由于 false 条件，已跳过任务“VCMessage”；('%(ClCompile.ExcludedFromBuild)' != 'true' and '%(Filename)%(Extension)' != '@(ClCompile->'%(Filename)%(Extension)')' and '%(ObjectFileName)' == '@(ClCompile->Metadata(ObjectFileName)->Distinct())')计算为('' != 'true' and 'lundump.c' != 'lundump.c' and 'x64\Release\' == 'x64\Release\')。
       由于 false 条件，已跳过任务“VCMessage”；('%(ClCompile.ExcludedFromBuild)' != 'true' and '%(Filename)%(Extension)' != '@(ClCompile->'%(Filename)%(Extension)')' and '%(ObjectFileName)' == '@(ClCompile->Metadata(ObjectFileName)->Distinct())')计算为('' != 'true' and 'lutf8lib.c' != 'lutf8lib.c' and 'x64\Release\' == 'x64\Release\')。
       由于 false 条件，已跳过任务“VCMessage”；('%(ClCompile.ExcludedFromBuild)' != 'true' and '%(Filename)%(Extension)' != '@(ClCompile->'%(Filename)%(Extension)')' and '%(ObjectFileName)' == '@(ClCompile->Metadata(ObjectFileName)->Distinct())')计算为('' != 'true' and 'lvm.c' != 'lvm.c' and 'x64\Release\' == 'x64\Release\')。
       由于 false 条件，已跳过任务“VCMessage”；('%(ClCompile.ExcludedFromBuild)' != 'true' and '%(Filename)%(Extension)' != '@(ClCompile->'%(Filename)%(Extension)')' and '%(ObjectFileName)' == '@(ClCompile->Metadata(ObjectFileName)->Distinct())')计算为('' != 'true' and 'lzio.c' != 'lzio.c' and 'x64\Release\' == 'x64\Release\')。
     1>已完成在项目“Lua53.vcxproj”中生成目标“WarnCompileDuplicatedFilename”的操作。
     1>来自项目“E:\Work\VisualStudio2017\Lua\Lua53\Lua53\Lua53.vcxproj”的文件“C:\Program Files (x86)\Microsoft Visual Studio\2017\Enterprise\Common7\IDE\VC\VCTargets\Microsoft.CppCommon.targets”中的目标“FixupCLCompileOptions”(目标“_ClCompile”依赖于它):
     1>已完成在项目“Lua53.vcxproj”中生成目标“FixupCLCompileOptions”的操作。
     1>来自项目“E:\Work\VisualStudio2017\Lua\Lua53\Lua53\Lua53.vcxproj”的文件“C:\Program Files (x86)\Microsoft Visual Studio\2017\Enterprise\Common7\IDE\VC\VCTargets\Microsoft.CppBuild.targets”中的目标“MakeDirsForCl”(目标“_ClCompile”依赖于它):
       任务“MakeDir”
       已完成执行任务“MakeDir”的操作。
     1>已完成在项目“Lua53.vcxproj”中生成目标“MakeDirsForCl”的操作。
       已跳过目标“PrepareForBuild”。以前的生成已成功。
       已跳过目标“SetBuildDefaultEnvironmentVariables”。以前的生成已成功。
       由于条件的计算结果为 false，已跳过目标“SetUserMacroEnvironmentVariables”；('@(BuildMacro)' != '' and '$(DesignTimeBuild)' != 'true')的计算结果为('' != '' and '' != 'true')。
     1>来自项目“E:\Work\VisualStudio2017\Lua\Lua53\Lua53\Lua53.vcxproj”的文件“C:\Program Files (x86)\Microsoft Visual Studio\2017\Enterprise\Common7\IDE\VC\VCTargets\Microsoft.CppBuild.targets”中的目标“_SelectedFiles”(目标“SelectClCompile”依赖于它):
     1>已完成在项目“Lua53.vcxproj”中生成目标“_SelectedFiles”的操作。
       已跳过目标“ComputeMIDLGeneratedCompileInputs”。以前的生成已成功。
       已跳过目标“ComputeCLInputPDBName”。以前的生成已成功。
       已跳过目标“ComputeReferenceCLInput”。以前的生成已成功。
       已跳过目标“WarnCompileDuplicatedFilename”。以前的生成已成功。
       已跳过目标“FixupCLCompileOptions”。以前的生成已成功。
       已跳过目标“_SelectedFiles”。以前的生成已成功。
     1>来自项目“E:\Work\VisualStudio2017\Lua\Lua53\Lua53\Lua53.vcxproj”的文件“C:\Program Files (x86)\Microsoft Visual Studio\2017\Enterprise\Common7\IDE\VC\VCTargets\Microsoft.CppBuild.targets”中的目标“SelectCustomBuild”(目标“SelectClCompile”依赖于它):
     1>已完成在项目“Lua53.vcxproj”中生成目标“SelectCustomBuild”的操作。
     1>来自项目“E:\Work\VisualStudio2017\Lua\Lua53\Lua53\Lua53.vcxproj”的文件“C:\Program Files (x86)\Microsoft Visual Studio\2017\Enterprise\Common7\IDE\VC\VCTargets\Microsoft.CppBuild.targets”中的目标“SelectClCompile”(目标“ClCompile”依赖于它):
     1>已完成在项目“Lua53.vcxproj”中生成目标“SelectClCompile”的操作。
       由于条件的计算结果为 false，已跳过目标“GenerateTargetFrameworkMonikerAttribute”；('$(GenerateTargetFrameworkAttribute)' == 'true')的计算结果为('false' == 'true')。
       由于条件的计算结果为 false，已跳过目标“ManagedIncrementalBuildPreProcessDependencyGraph”；('@(ClCompile)' != '' and '$(EnableManagedIncrementalBuild)' == 'True')的计算结果为('..\src\lapi.c;..\src\lauxlib.c;..\src\lbaselib.c;..\src\lbitlib.c;..\src\lcode.c;..\src\lcorolib.c;..\src\lctype.c;..\src\ldblib.c;..\src\ldebug.c;..\src\ldo.c;..\src\ldump.c;..\src\lfunc.c;..\src\lgc.c;..\src\linit.c;..\src\liolib.c;..\src\llex.c;..\src\lmathlib.c;..\src\lmem.c;..\src\loadlib.c;..\src\lobject.c;..\src\lopcodes.c;..\src\loslib.c;..\src\lparser.c;..\src\lstate.c;..\src\lstring.c;..\src\lstrlib.c;..\src\ltable.c;..\src\ltablib.c;..\src\ltm.c;..\src\lundump.c;..\src\lutf8lib.c;..\src\lvm.c;..\src\lzio.c' != '' and 'false' == 'True')。
     1>来自项目“E:\Work\VisualStudio2017\Lua\Lua53\Lua53\Lua53.vcxproj”的文件“C:\Dev\vcpkg\scripts\buildsystems\msbuild\vcpkg.targets”中的目标“VcpkgTripletSelection”(目标“ClCompile”依赖于它):
       任务“Message”
         Using triplet "x64-windows" from "C:\Dev\vcpkg\installed\x64-windows\"
       已完成执行任务“Message”的操作。
       由于 false 条件，已跳过任务“Message”；('$(VcpkgEnabled)' != 'true')计算为('true' != 'true')。
       由于 false 条件，已跳过任务“Message”；('$(VcpkgEnabled)' == 'true' and '$(VcpkgNormalizedConfiguration)' == '')计算为('true' == 'true' and 'Release' == '')。
     1>已完成在项目“Lua53.vcxproj”中生成目标“VcpkgTripletSelection”的操作。
     1>来自项目“E:\Work\VisualStudio2017\Lua\Lua53\Lua53\Lua53.vcxproj”的文件“C:\Program Files (x86)\Microsoft Visual Studio\2017\Enterprise\Common7\IDE\VC\VCTargets\Microsoft.CppCommon.targets”中的目标“ClCompile”(目标“_ClCompile”依赖于它):
       由于 false 条件，已跳过任务“Delete”；('%(ClCompile.DebugInformationFormat)' != '' and '%(ClCompile.DebugInformationFormat)' != 'None' and '%(ClCompile.DebugInformationFormat)' != 'OldStyle' and '%(ClCompile.ProgramDataBaseFileName)' != '' and !Exists(%(ClCompile.ProgramDataBaseFileName)))计算为('ProgramDatabase' != '' and 'ProgramDatabase' != 'None' and 'ProgramDatabase' != 'OldStyle' and 'x64\Release\Lua53.pdb' != '' and !Exists(x64\Release\Lua53.pdb))。
       由于 false 条件，已跳过任务“CL”；('%(ClCompile.PrecompiledHeader)' == 'Create' and '%(ClCompile.ExcludedFromBuild)'!='true' and '%(ClCompile.CompilerIteration)' == '')计算为('NotUsing' == 'Create' and ''!='true' and '' == '')。
       正在使用程序集“C:\Program Files (x86)\Microsoft Visual Studio\2017\Enterprise\Common7\IDE\VC\VCTargets\Microsoft.Build.CppTasks.Common.dll”中的“CL”任务。
       任务“CL”
         读取跟踪日志:
         	x64\Release\Lua53.tlog\CL.read.1.tlog
         E:\WORK\VISUALSTUDIO2017\LUA\LUA53\SRC\LAPI.C|E:\WORK\VISUALSTUDIO2017\LUA\LUA53\SRC\LAUXLIB.C|E:\WORK\VISUALSTUDIO2017\LUA\LUA53\SRC\LBASELIB.C|E:\WORK\VISUALSTUDIO2017\LUA\LUA53\SRC\LBITLIB.C|E:\WORK\VISUALSTUDIO2017\LUA\LUA53\SRC\LCODE.C|E:\WORK\VISUALSTUDIO2017\LUA\LUA53\SRC\LCOROLIB.C|E:\WORK\VISUALSTUDIO2017\LUA\LUA53\SRC\LCTYPE.C|E:\WORK\VISUALSTUDIO2017\LUA\LUA53\SRC\LDBLIB.C|E:\WORK\VISUALSTUDIO2017\LUA\LUA53\SRC\LDEBUG.C|E:\WORK\VISUALSTUDIO2017\LUA\LUA53\SRC\LDO.C|E:\WORK\VISUALSTUDIO2017\LUA\LUA53\SRC\LDUMP.C|E:\WORK\VISUALSTUDIO2017\LUA\LUA53\SRC\LFUNC.C|E:\WORK\VISUALSTUDIO2017\LUA\LUA53\SRC\LGC.C|E:\WORK\VISUALSTUDIO2017\LUA\LUA53\SRC\LINIT.C|E:\WORK\VISUALSTUDIO2017\LUA\LUA53\SRC\LIOLIB.C|E:\WORK\VISUALSTUDIO2017\LUA\LUA53\SRC\LLEX.C|E:\WORK\VISUALSTUDIO2017\LUA\LUA53\SRC\LMATHLIB.C|E:\WORK\VISUALSTUDIO2017\LUA\LUA53\SRC\LMEM.C|E:\WORK\VISUALSTUDIO2017\LUA\LUA53\SRC\LOADLIB.C|E:\WORK\VISUALSTUDIO2017\LUA\LUA53\SRC\LOBJECT.C|E:\WORK\VISUALSTUDIO2017\LUA\LUA53\SRC\LOPCODES.C|E:\WORK\VISUALSTUDIO2017\LUA\LUA53\SRC\LOSLIB.C|E:\WORK\VISUALSTUDIO2017\LUA\LUA53\SRC\LPARSER.C|E:\WORK\VISUALSTUDIO2017\LUA\LUA53\SRC\LSTATE.C|E:\WORK\VISUALSTUDIO2017\LUA\LUA53\SRC\LSTRING.C|E:\WORK\VISUALSTUDIO2017\LUA\LUA53\SRC\LSTRLIB.C|E:\WORK\VISUALSTUDIO2017\LUA\LUA53\SRC\LTABLE.C|E:\WORK\VISUALSTUDIO2017\LUA\LUA53\SRC\LTABLIB.C|E:\WORK\VISUALSTUDIO2017\LUA\LUA53\SRC\LTM.C|E:\WORK\VISUALSTUDIO2017\LUA\LUA53\SRC\LUNDUMP.C|E:\WORK\VISUALSTUDIO2017\LUA\LUA53\SRC\LUTF8LIB.C|E:\WORK\VISUALSTUDIO2017\LUA\LUA53\SRC\LVM.C|E:\WORK\VISUALSTUDIO2017\LUA\LUA53\SRC\LZIO.C 的输出:
         	E:\WORK\VISUALSTUDIO2017\LUA\LUA53\LUA53\X64\RELEASE\LAPI.OBJ
         	E:\WORK\VISUALSTUDIO2017\LUA\LUA53\LUA53\X64\RELEASE\LAUXLIB.OBJ
         	E:\WORK\VISUALSTUDIO2017\LUA\LUA53\LUA53\X64\RELEASE\LBASELIB.OBJ
         	E:\WORK\VISUALSTUDIO2017\LUA\LUA53\LUA53\X64\RELEASE\LBITLIB.OBJ
         	E:\WORK\VISUALSTUDIO2017\LUA\LUA53\LUA53\X64\RELEASE\LCODE.OBJ
         	E:\WORK\VISUALSTUDIO2017\LUA\LUA53\LUA53\X64\RELEASE\LCOROLIB.OBJ
         	E:\WORK\VISUALSTUDIO2017\LUA\LUA53\LUA53\X64\RELEASE\LCTYPE.OBJ
         	E:\WORK\VISUALSTUDIO2017\LUA\LUA53\LUA53\X64\RELEASE\LDBLIB.OBJ
         	E:\WORK\VISUALSTUDIO2017\LUA\LUA53\LUA53\X64\RELEASE\LDEBUG.OBJ
         	E:\WORK\VISUALSTUDIO2017\LUA\LUA53\LUA53\X64\RELEASE\LDO.OBJ
         	E:\WORK\VISUALSTUDIO2017\LUA\LUA53\LUA53\X64\RELEASE\LDUMP.OBJ
         	E:\WORK\VISUALSTUDIO2017\LUA\LUA53\LUA53\X64\RELEASE\LFUNC.OBJ
         	E:\WORK\VISUALSTUDIO2017\LUA\LUA53\LUA53\X64\RELEASE\LGC.OBJ
         	E:\WORK\VISUALSTUDIO2017\LUA\LUA53\LUA53\X64\RELEASE\LINIT.OBJ
         	E:\WORK\VISUALSTUDIO2017\LUA\LUA53\LUA53\X64\RELEASE\LIOLIB.OBJ
         	E:\WORK\VISUALSTUDIO2017\LUA\LUA53\LUA53\X64\RELEASE\LLEX.OBJ
         	E:\WORK\VISUALSTUDIO2017\LUA\LUA53\LUA53\X64\RELEASE\LMATHLIB.OBJ
         	E:\WORK\VISUALSTUDIO2017\LUA\LUA53\LUA53\X64\RELEASE\LMEM.OBJ
         	E:\WORK\VISUALSTUDIO2017\LUA\LUA53\LUA53\X64\RELEASE\LOADLIB.OBJ
         	E:\WORK\VISUALSTUDIO2017\LUA\LUA53\LUA53\X64\RELEASE\LOBJECT.OBJ
         	E:\WORK\VISUALSTUDIO2017\LUA\LUA53\LUA53\X64\RELEASE\LOPCODES.OBJ
         	E:\WORK\VISUALSTUDIO2017\LUA\LUA53\LUA53\X64\RELEASE\LOSLIB.OBJ
         	E:\WORK\VISUALSTUDIO2017\LUA\LUA53\LUA53\X64\RELEASE\LPARSER.OBJ
         	E:\WORK\VISUALSTUDIO2017\LUA\LUA53\LUA53\X64\RELEASE\LSTATE.OBJ
         	E:\WORK\VISUALSTUDIO2017\LUA\LUA53\LUA53\X64\RELEASE\LSTRING.OBJ
         	E:\WORK\VISUALSTUDIO2017\LUA\LUA53\LUA53\X64\RELEASE\LSTRLIB.OBJ
         	E:\WORK\VISUALSTUDIO2017\LUA\LUA53\LUA53\X64\RELEASE\LTABLE.OBJ
         	E:\WORK\VISUALSTUDIO2017\LUA\LUA53\LUA53\X64\RELEASE\LTABLIB.OBJ
         	E:\WORK\VISUALSTUDIO2017\LUA\LUA53\LUA53\X64\RELEASE\LTM.OBJ
         	E:\WORK\VISUALSTUDIO2017\LUA\LUA53\LUA53\X64\RELEASE\LUNDUMP.OBJ
         	E:\WORK\VISUALSTUDIO2017\LUA\LUA53\LUA53\X64\RELEASE\LUTF8LIB.OBJ
         	E:\WORK\VISUALSTUDIO2017\LUA\LUA53\LUA53\X64\RELEASE\LVM.OBJ
         	E:\WORK\VISUALSTUDIO2017\LUA\LUA53\LUA53\X64\RELEASE\LZIO.OBJ
         所有输出均为最新。
       已完成执行任务“CL”的操作。
     1>已完成在项目“Lua53.vcxproj”中生成目标“ClCompile”的操作。
       由于条件的计算结果为 false，已跳过目标“RunSelectedFileNativeCodeAnalysis”；('$(Language)'=='C++' and '$(SelectedFiles)'!='' and '$(RunCodeAnalysisOnThisProject)'=='true')的计算结果为('C++'=='C++' and ''!='' and ''=='true')。
       由于条件的计算结果为 false，已跳过目标“CppCoreCheck_ValidateForSelectedFile”；('$(EnableCppCoreCheck)'=='true' or '$(EnableExperimentalCppCoreCheck)'=='true')的计算结果为('false'=='true' or 'false'=='true')。
       由于条件的计算结果为 false，已跳过目标“ManagedIncrementalBuildPostProcessDependencyGraph”；('@(ClCompile)' != '' and '$(EnableManagedIncrementalBuild)' == 'True')的计算结果为('..\src\lapi.c;..\src\lauxlib.c;..\src\lbaselib.c;..\src\lbitlib.c;..\src\lcode.c;..\src\lcorolib.c;..\src\lctype.c;..\src\ldblib.c;..\src\ldebug.c;..\src\ldo.c;..\src\ldump.c;..\src\lfunc.c;..\src\lgc.c;..\src\linit.c;..\src\liolib.c;..\src\llex.c;..\src\lmathlib.c;..\src\lmem.c;..\src\loadlib.c;..\src\lobject.c;..\src\lopcodes.c;..\src\loslib.c;..\src\lparser.c;..\src\lstate.c;..\src\lstring.c;..\src\lstrlib.c;..\src\ltable.c;..\src\ltablib.c;..\src\ltm.c;..\src\lundump.c;..\src\lutf8lib.c;..\src\lvm.c;..\src\lzio.c' != '' and 'false' == 'True')。
     1>来自项目“E:\Work\VisualStudio2017\Lua\Lua53\Lua53\Lua53.vcxproj”的文件“C:\Program Files (x86)\Microsoft Visual Studio\2017\Enterprise\Common7\IDE\VC\VCTargets\Microsoft.CppBuild.targets”中的目标“AfterClCompile”(目标“_ClCompile”依赖于它):
     1>已完成在项目“Lua53.vcxproj”中生成目标“AfterClCompile”的操作。
     1>来自项目“E:\Work\VisualStudio2017\Lua\Lua53\Lua53\Lua53.vcxproj”的文件“C:\Program Files (x86)\Microsoft Visual Studio\2017\Enterprise\Common7\IDE\VC\VCTargets\Microsoft.CppBuild.targets”中的目标“_ClCompile”(目标“_BuildCompileAction”依赖于它):
     1>已完成在项目“Lua53.vcxproj”中生成目标“_ClCompile”的操作。
       由于条件的计算结果为 false，已跳过目标“_ResGen”；('@(EmbeddedResource)'!='')的计算结果为(''!='')。
     1>来自项目“E:\Work\VisualStudio2017\Lua\Lua53\Lua53\Lua53.vcxproj”的文件“C:\Program Files (x86)\Microsoft Visual Studio\2017\Enterprise\Common7\IDE\VC\VCTargets\Microsoft.CppBuild.targets”中的目标“BeforeResourceCompile”(目标“_ResourceCompile”依赖于它):
     1>已完成在项目“Lua53.vcxproj”中生成目标“BeforeResourceCompile”的操作。
     1>来自项目“E:\Work\VisualStudio2017\Lua\Lua53\Lua53\Lua53.vcxproj”的文件“C:\Program Files (x86)\Microsoft Visual Studio\2017\Enterprise\Common7\IDE\VC\VCTargets\Microsoft.CppBuild.targets”中的目标“MakeDirsForResourceCompile”(目标“_ResourceCompile”依赖于它):
       任务“MakeDir”
       已完成执行任务“MakeDir”的操作。
     1>已完成在项目“Lua53.vcxproj”中生成目标“MakeDirsForResourceCompile”的操作。
       已跳过目标“_SelectedFiles”。以前的生成已成功。
       已跳过目标“SelectCustomBuild”。以前的生成已成功。
     1>来自项目“E:\Work\VisualStudio2017\Lua\Lua53\Lua53\Lua53.vcxproj”的文件“C:\Program Files (x86)\Microsoft Visual Studio\2017\Enterprise\Common7\IDE\VC\VCTargets\Microsoft.CppBuild.targets”中的目标“SelectResourceCompile”(目标“ResourceCompile”依赖于它):
     1>已完成在项目“Lua53.vcxproj”中生成目标“SelectResourceCompile”的操作。
     1>来自项目“E:\Work\VisualStudio2017\Lua\Lua53\Lua53\Lua53.vcxproj”的文件“C:\Program Files (x86)\Microsoft Visual Studio\2017\Enterprise\Common7\IDE\VC\VCTargets\Microsoft.CppCommon.targets”中的目标“ResourceCompile”(目标“_ResourceCompile”依赖于它):
       正在使用程序集“C:\Program Files (x86)\Microsoft Visual Studio\2017\Enterprise\Common7\IDE\VC\VCTargets\Microsoft.Build.CppTasks.Common.dll”中的“RC”任务。
       任务“RC”
         写入跟踪日志:
         	x64\Release\Lua53.tlog\rc.write.1.tlog
         读取跟踪日志:
         	x64\Release\Lua53.tlog\rc.read.1.tlog
         E:\WORK\VISUALSTUDIO2017\LUA\LUA53\LUA53\LUA53.RC 的输出:
         	E:\WORK\VISUALSTUDIO2017\LUA\LUA53\LUA53\X64\RELEASE\LUA53.RES
         将编译 Lua53.rc，因为在 2018-05-07 1:03:16 处修改了 E:\WORK\VISUALSTUDIO2017\LUA\LUA53\LUA53\LUA53.RC。
         C:\Program Files (x86)\Windows Kits\10\bin\10.0.17134.0\x86\rc.exe /l"0x0409" /I"C:\Dev\vcpkg\installed\x64-windows\include" /nologo /fo"x64\Release\Lua53.res" Lua53.rc 
         跟踪命令:
         C:\Program Files (x86)\Microsoft Visual Studio\2017\Enterprise\MSBuild\15.0\Bin\Tracker.exe /d "C:\Program Files (x86)\MSBuild\15.0\FileTracker\FileTracker32.dll" /i E:\Work\VisualStudio2017\Lua\Lua53\Lua53\x64\Release\Lua53.tlog /r E:\WORK\VISUALSTUDIO2017\LUA\LUA53\LUA53\LUA53.RC /b MSBuildConsole_CancelEventc6fb0c24f2364d2e9667371156fb5a78  /c "C:\Program Files (x86)\Windows Kits\10\bin\10.0.17134.0\x86\rc.exe"  /l"0x0409" /I"C:\Dev\vcpkg\installed\x64-windows\include" /nologo /fo"x64\Release\Lua53.res" Lua53.rc 
       已完成执行任务“RC”的操作。
     1>已完成在项目“Lua53.vcxproj”中生成目标“ResourceCompile”的操作。
     1>来自项目“E:\Work\VisualStudio2017\Lua\Lua53\Lua53\Lua53.vcxproj”的文件“C:\Program Files (x86)\Microsoft Visual Studio\2017\Enterprise\Common7\IDE\VC\VCTargets\Microsoft.CppBuild.targets”中的目标“AfterResourceCompile”(目标“_ResourceCompile”依赖于它):
     1>已完成在项目“Lua53.vcxproj”中生成目标“AfterResourceCompile”的操作。
     1>来自项目“E:\Work\VisualStudio2017\Lua\Lua53\Lua53\Lua53.vcxproj”的文件“C:\Program Files (x86)\Microsoft Visual Studio\2017\Enterprise\Common7\IDE\VC\VCTargets\Microsoft.CppBuild.targets”中的目标“_ResourceCompile”(目标“_BuildCompileAction”依赖于它):
     1>已完成在项目“Lua53.vcxproj”中生成目标“_ResourceCompile”的操作。
       由于条件的计算结果为 false，已跳过目标“_ImpLib”；('$(ImpLibCompiled)' == 'true')的计算结果为('' == 'true')。
     1>来自项目“E:\Work\VisualStudio2017\Lua\Lua53\Lua53\Lua53.vcxproj”的文件“C:\Program Files (x86)\Microsoft Visual Studio\2017\Enterprise\Common7\IDE\VC\VCTargets\Microsoft.CppBuild.targets”中的目标“BeforeLib”(目标“_Lib”依赖于它):
     1>已完成在项目“Lua53.vcxproj”中生成目标“BeforeLib”的操作。
     1>来自项目“E:\Work\VisualStudio2017\Lua\Lua53\Lua53\Lua53.vcxproj”的文件“C:\Program Files (x86)\Microsoft Visual Studio\2017\Enterprise\Common7\IDE\VC\VCTargets\Microsoft.CppBuild.targets”中的目标“ComputeLibAdditionalOptions”(目标“_Lib”依赖于它):
     1>已完成在项目“Lua53.vcxproj”中生成目标“ComputeLibAdditionalOptions”的操作。
     1>来自项目“E:\Work\VisualStudio2017\Lua\Lua53\Lua53\Lua53.vcxproj”的文件“C:\Program Files (x86)\Microsoft Visual Studio\2017\Enterprise\Common7\IDE\VC\VCTargets\Microsoft.CppBuild.targets”中的目标“ComputeRCOutputs”(目标“ComputeRCGeneratedLibInputs”依赖于它):
     1>已完成在项目“Lua53.vcxproj”中生成目标“ComputeRCOutputs”的操作。
     1>来自项目“E:\Work\VisualStudio2017\Lua\Lua53\Lua53\Lua53.vcxproj”的文件“C:\Program Files (x86)\Microsoft Visual Studio\2017\Enterprise\Common7\IDE\VC\VCTargets\Microsoft.CppBuild.targets”中的目标“ComputeRCGeneratedLibInputs”(目标“_Lib”依赖于它):
     1>已完成在项目“Lua53.vcxproj”中生成目标“ComputeRCGeneratedLibInputs”的操作。
     1>来自项目“E:\Work\VisualStudio2017\Lua\Lua53\Lua53\Lua53.vcxproj”的文件“C:\Program Files (x86)\Microsoft Visual Studio\2017\Enterprise\Common7\IDE\VC\VCTargets\Microsoft.CppBuild.targets”中的目标“ComputeCustomBuildOutput”(目标“_Lib”依赖于它):
       由于 false 条件，已跳过任务“CreateItem”；('%(CustomBuildDirsToMake.OutputFileToTool)'!='')计算为(''!='')。
       任务“MakeDir”
       已完成执行任务“MakeDir”的操作。
     1>已完成在项目“Lua53.vcxproj”中生成目标“ComputeCustomBuildOutput”的操作。
       已跳过目标“ComputeMIDLGeneratedCompileInputs”。以前的生成已成功。
       已跳过目标“ComputeCLInputPDBName”。以前的生成已成功。
       已跳过目标“ComputeReferenceCLInput”。以前的生成已成功。
       已跳过目标“WarnCompileDuplicatedFilename”。以前的生成已成功。
       已跳过目标“FixupCLCompileOptions”。以前的生成已成功。
     1>来自项目“E:\Work\VisualStudio2017\Lua\Lua53\Lua53\Lua53.vcxproj”的文件“C:\Program Files (x86)\Microsoft Visual Studio\2017\Enterprise\Common7\IDE\VC\VCTargets\Microsoft.CppBuild.targets”中的目标“ComputeCLOutputs”(目标“ComputeCLGeneratedLibInputs”依赖于它):
     1>已完成在项目“Lua53.vcxproj”中生成目标“ComputeCLOutputs”的操作。
     1>来自项目“E:\Work\VisualStudio2017\Lua\Lua53\Lua53\Lua53.vcxproj”的文件“C:\Program Files (x86)\Microsoft Visual Studio\2017\Enterprise\Common7\IDE\VC\VCTargets\Microsoft.CppBuild.targets”中的目标“ComputeCLGeneratedLibInputs”(目标“_Lib”依赖于它):
     1>已完成在项目“Lua53.vcxproj”中生成目标“ComputeCLGeneratedLibInputs”的操作。
     1>来自项目“E:\Work\VisualStudio2017\Lua\Lua53\Lua53\Lua53.vcxproj”的文件“C:\Program Files (x86)\Microsoft Visual Studio\2017\Enterprise\Common7\IDE\VC\VCTargets\Microsoft.CppBuild.targets”中的目标“ComputeLibInputsFromProject”(目标“_Lib”依赖于它):
     1>已完成在项目“Lua53.vcxproj”中生成目标“ComputeLibInputsFromProject”的操作。
       由于条件的计算结果为 false，已跳过目标“ComputeReferenceLibInputs”；(@(ProjectReference) != '')的计算结果为( != '')。
     1>来自项目“E:\Work\VisualStudio2017\Lua\Lua53\Lua53\Lua53.vcxproj”的文件“C:\Program Files (x86)\Microsoft Visual Studio\2017\Enterprise\Common7\IDE\VC\VCTargets\Microsoft.CppBuild.targets”中的目标“MakeDirsForLib”(目标“_Lib”依赖于它):
       任务“MakeDir”
       已完成执行任务“MakeDir”的操作。
     1>已完成在项目“Lua53.vcxproj”中生成目标“MakeDirsForLib”的操作。
     1>来自项目“E:\Work\VisualStudio2017\Lua\Lua53\Lua53\Lua53.vcxproj”的文件“C:\Program Files (x86)\Microsoft Visual Studio\2017\Enterprise\Common7\IDE\VC\VCTargets\Microsoft.CppBuild.targets”中的目标“DoLibOutputFilesMatch”(目标“_Lib”依赖于它):
       由于 false 条件，已跳过任务“VCMessage”；('@(_OutputFileFromLib)' == '')计算为('E:\Work\VisualStudio2017\Lua\Lua53\x64\Release\Lua53.lib' == '')。
       由于 false 条件，已跳过任务“VCMessage”；('@(_OutputFileFromLib)' != '' and '%(_OutputFileFromLib.FullPath)' != '$([System.IO.Path]::GetFullPath($(TargetPath)))')计算为('E:\Work\VisualStudio2017\Lua\Lua53\x64\Release\Lua53.lib' != '' and 'E:\Work\VisualStudio2017\Lua\Lua53\x64\Release\Lua53.lib' != 'E:\Work\VisualStudio2017\Lua\Lua53\x64\Release\Lua53.lib')。
       由于 false 条件，已跳过任务“VCMessage”；('@(_OutputFileFromLib)' != '' and '%(_OutputFileFromLib.Extension)' != '' and '%(_OutputFileFromLib.Extension)' != '$(TargetExt)')计算为('E:\Work\VisualStudio2017\Lua\Lua53\x64\Release\Lua53.lib' != '' and '.lib' != '' and '.lib' != '.lib')。
       由于 false 条件，已跳过任务“VCMessage”；('@(_OutputFileFromLib)' != '' and '%(_OutputFileFromLib.Filename)' !=  '' and '%(_OutputFileFromLib.Filename)' != '$(TargetName)')计算为('E:\Work\VisualStudio2017\Lua\Lua53\x64\Release\Lua53.lib' != '' and 'Lua53' !=  '' and 'Lua53' != 'Lua53')。
     1>已完成在项目“Lua53.vcxproj”中生成目标“DoLibOutputFilesMatch”的操作。
     1>来自项目“E:\Work\VisualStudio2017\Lua\Lua53\Lua53\Lua53.vcxproj”的文件“C:\Program Files (x86)\Microsoft Visual Studio\2017\Enterprise\Common7\IDE\VC\VCTargets\Microsoft.CppCommon.targets”中的目标“PreLinkEvent”(目标“_Lib”依赖于它):
       由于 false 条件，已跳过任务“Message”；('%(PreLinkEvent.Message)' != '' and '%(PreLinkEvent.Command)' != '')计算为('' != '' and '' != '')。
       由于 false 条件，已跳过任务“Exec”；('%(PreLinkEvent.Command)' != '')计算为('' != '')。
     1>已完成在项目“Lua53.vcxproj”中生成目标“PreLinkEvent”的操作。
     1>来自项目“E:\Work\VisualStudio2017\Lua\Lua53\Lua53\Lua53.vcxproj”的文件“C:\Program Files (x86)\Microsoft Visual Studio\2017\Enterprise\Common7\IDE\VC\VCTargets\Microsoft.CppCommon.targets”中的目标“Lib”(目标“_Lib”依赖于它):
       正在使用程序集“C:\Program Files (x86)\Microsoft Visual Studio\2017\Enterprise\Common7\IDE\VC\VCTargets\Microsoft.Build.CppTasks.Common.dll”中的“LIB”任务。
       任务“LIB”
         写入跟踪日志:
         	x64\Release\Lua53.tlog\Lib-link-cvtres.write.1.tlog
         读取跟踪日志:
         	x64\Release\Lua53.tlog\Lib-link-cvtres.read.1.tlog
         E:\WORK\VISUALSTUDIO2017\LUA\LUA53\LUA53\X64\RELEASE\LAPI.OBJ|E:\WORK\VISUALSTUDIO2017\LUA\LUA53\LUA53\X64\RELEASE\LAUXLIB.OBJ|E:\WORK\VISUALSTUDIO2017\LUA\LUA53\LUA53\X64\RELEASE\LBASELIB.OBJ|E:\WORK\VISUALSTUDIO2017\LUA\LUA53\LUA53\X64\RELEASE\LBITLIB.OBJ|E:\WORK\VISUALSTUDIO2017\LUA\LUA53\LUA53\X64\RELEASE\LCODE.OBJ|E:\WORK\VISUALSTUDIO2017\LUA\LUA53\LUA53\X64\RELEASE\LCOROLIB.OBJ|E:\WORK\VISUALSTUDIO2017\LUA\LUA53\LUA53\X64\RELEASE\LCTYPE.OBJ|E:\WORK\VISUALSTUDIO2017\LUA\LUA53\LUA53\X64\RELEASE\LDBLIB.OBJ|E:\WORK\VISUALSTUDIO2017\LUA\LUA53\LUA53\X64\RELEASE\LDEBUG.OBJ|E:\WORK\VISUALSTUDIO2017\LUA\LUA53\LUA53\X64\RELEASE\LDO.OBJ|E:\WORK\VISUALSTUDIO2017\LUA\LUA53\LUA53\X64\RELEASE\LDUMP.OBJ|E:\WORK\VISUALSTUDIO2017\LUA\LUA53\LUA53\X64\RELEASE\LFUNC.OBJ|E:\WORK\VISUALSTUDIO2017\LUA\LUA53\LUA53\X64\RELEASE\LGC.OBJ|E:\WORK\VISUALSTUDIO2017\LUA\LUA53\LUA53\X64\RELEASE\LINIT.OBJ|E:\WORK\VISUALSTUDIO2017\LUA\LUA53\LUA53\X64\RELEASE\LIOLIB.OBJ|E:\WORK\VISUALSTUDIO2017\LUA\LUA53\LUA53\X64\RELEASE\LLEX.OBJ|E:\WORK\VISUALSTUDIO2017\LUA\LUA53\LUA53\X64\RELEASE\LMATHLIB.OBJ|E:\WORK\VISUALSTUDIO2017\LUA\LUA53\LUA53\X64\RELEASE\LMEM.OBJ|E:\WORK\VISUALSTUDIO2017\LUA\LUA53\LUA53\X64\RELEASE\LOADLIB.OBJ|E:\WORK\VISUALSTUDIO2017\LUA\LUA53\LUA53\X64\RELEASE\LOBJECT.OBJ|E:\WORK\VISUALSTUDIO2017\LUA\LUA53\LUA53\X64\RELEASE\LOPCODES.OBJ|E:\WORK\VISUALSTUDIO2017\LUA\LUA53\LUA53\X64\RELEASE\LOSLIB.OBJ|E:\WORK\VISUALSTUDIO2017\LUA\LUA53\LUA53\X64\RELEASE\LPARSER.OBJ|E:\WORK\VISUALSTUDIO2017\LUA\LUA53\LUA53\X64\RELEASE\LSTATE.OBJ|E:\WORK\VISUALSTUDIO2017\LUA\LUA53\LUA53\X64\RELEASE\LSTRING.OBJ|E:\WORK\VISUALSTUDIO2017\LUA\LUA53\LUA53\X64\RELEASE\LSTRLIB.OBJ|E:\WORK\VISUALSTUDIO2017\LUA\LUA53\LUA53\X64\RELEASE\LTABLE.OBJ|E:\WORK\VISUALSTUDIO2017\LUA\LUA53\LUA53\X64\RELEASE\LTABLIB.OBJ|E:\WORK\VISUALSTUDIO2017\LUA\LUA53\LUA53\X64\RELEASE\LTM.OBJ|E:\WORK\VISUALSTUDIO2017\LUA\LUA53\LUA53\X64\RELEASE\LUA53.RES|E:\WORK\VISUALSTUDIO2017\LUA\LUA53\LUA53\X64\RELEASE\LUNDUMP.OBJ|E:\WORK\VISUALSTUDIO2017\LUA\LUA53\LUA53\X64\RELEASE\LUTF8LIB.OBJ|E:\WORK\VISUALSTUDIO2017\LUA\LUA53\LUA53\X64\RELEASE\LVM.OBJ|E:\WORK\VISUALSTUDIO2017\LUA\LUA53\LUA53\X64\RELEASE\LZIO.OBJ 的输出:
         	E:\WORK\VISUALSTUDIO2017\LUA\LUA53\X64\RELEASE\LUA53.LIB
         E:\WORK\VISUALSTUDIO2017\LUA\LUA53\LUA53\X64\RELEASE\LAPI.OBJ|E:\WORK\VISUALSTUDIO2017\LUA\LUA53\LUA53\X64\RELEASE\LAUXLIB.OBJ|E:\WORK\VISUALSTUDIO2017\LUA\LUA53\LUA53\X64\RELEASE\LBASELIB.OBJ|E:\WORK\VISUALSTUDIO2017\LUA\LUA53\LUA53\X64\RELEASE\LBITLIB.OBJ|E:\WORK\VISUALSTUDIO2017\LUA\LUA53\LUA53\X64\RELEASE\LCODE.OBJ|E:\WORK\VISUALSTUDIO2017\LUA\LUA53\LUA53\X64\RELEASE\LCOROLIB.OBJ|E:\WORK\VISUALSTUDIO2017\LUA\LUA53\LUA53\X64\RELEASE\LCTYPE.OBJ|E:\WORK\VISUALSTUDIO2017\LUA\LUA53\LUA53\X64\RELEASE\LDBLIB.OBJ|E:\WORK\VISUALSTUDIO2017\LUA\LUA53\LUA53\X64\RELEASE\LDEBUG.OBJ|E:\WORK\VISUALSTUDIO2017\LUA\LUA53\LUA53\X64\RELEASE\LDO.OBJ|E:\WORK\VISUALSTUDIO2017\LUA\LUA53\LUA53\X64\RELEASE\LDUMP.OBJ|E:\WORK\VISUALSTUDIO2017\LUA\LUA53\LUA53\X64\RELEASE\LFUNC.OBJ|E:\WORK\VISUALSTUDIO2017\LUA\LUA53\LUA53\X64\RELEASE\LGC.OBJ|E:\WORK\VISUALSTUDIO2017\LUA\LUA53\LUA53\X64\RELEASE\LINIT.OBJ|E:\WORK\VISUALSTUDIO2017\LUA\LUA53\LUA53\X64\RELEASE\LIOLIB.OBJ|E:\WORK\VISUALSTUDIO2017\LUA\LUA53\LUA53\X64\RELEASE\LLEX.OBJ|E:\WORK\VISUALSTUDIO2017\LUA\LUA53\LUA53\X64\RELEASE\LMATHLIB.OBJ|E:\WORK\VISUALSTUDIO2017\LUA\LUA53\LUA53\X64\RELEASE\LMEM.OBJ|E:\WORK\VISUALSTUDIO2017\LUA\LUA53\LUA53\X64\RELEASE\LOADLIB.OBJ|E:\WORK\VISUALSTUDIO2017\LUA\LUA53\LUA53\X64\RELEASE\LOBJECT.OBJ|E:\WORK\VISUALSTUDIO2017\LUA\LUA53\LUA53\X64\RELEASE\LOPCODES.OBJ|E:\WORK\VISUALSTUDIO2017\LUA\LUA53\LUA53\X64\RELEASE\LOSLIB.OBJ|E:\WORK\VISUALSTUDIO2017\LUA\LUA53\LUA53\X64\RELEASE\LPARSER.OBJ|E:\WORK\VISUALSTUDIO2017\LUA\LUA53\LUA53\X64\RELEASE\LSTATE.OBJ|E:\WORK\VISUALSTUDIO2017\LUA\LUA53\LUA53\X64\RELEASE\LSTRING.OBJ|E:\WORK\VISUALSTUDIO2017\LUA\LUA53\LUA53\X64\RELEASE\LSTRLIB.OBJ|E:\WORK\VISUALSTUDIO2017\LUA\LUA53\LUA53\X64\RELEASE\LTABLE.OBJ|E:\WORK\VISUALSTUDIO2017\LUA\LUA53\LUA53\X64\RELEASE\LTABLIB.OBJ|E:\WORK\VISUALSTUDIO2017\LUA\LUA53\LUA53\X64\RELEASE\LTM.OBJ|E:\WORK\VISUALSTUDIO2017\LUA\LUA53\LUA53\X64\RELEASE\LUA53.RES|E:\WORK\VISUALSTUDIO2017\LUA\LUA53\LUA53\X64\RELEASE\LUNDUMP.OBJ|E:\WORK\VISUALSTUDIO2017\LUA\LUA53\LUA53\X64\RELEASE\LUTF8LIB.OBJ|E:\WORK\VISUALSTUDIO2017\LUA\LUA53\LUA53\X64\RELEASE\LVM.OBJ|E:\WORK\VISUALSTUDIO2017\LUA\LUA53\LUA53\X64\RELEASE\LZIO.OBJ 的输入:
         	E:\WORK\VISUALSTUDIO2017\LUA\LUA53\LUA53\X64\RELEASE\LUA53.RES
         	C:\WINDOWS\GLOBALIZATION\SORTING\SORTDEFAULT.NLS
         	C:\WINDOWS\SYSTEM32\TZRES.DLL
         	E:\WORK\VISUALSTUDIO2017\LUA\LUA53\LUA53\X64\RELEASE\LAPI.OBJ
         	E:\WORK\VISUALSTUDIO2017\LUA\LUA53\LUA53\X64\RELEASE\LAUXLIB.OBJ
         	E:\WORK\VISUALSTUDIO2017\LUA\LUA53\LUA53\X64\RELEASE\LBASELIB.OBJ
         	E:\WORK\VISUALSTUDIO2017\LUA\LUA53\LUA53\X64\RELEASE\LBITLIB.OBJ
         	E:\WORK\VISUALSTUDIO2017\LUA\LUA53\LUA53\X64\RELEASE\LCODE.OBJ
         	E:\WORK\VISUALSTUDIO2017\LUA\LUA53\LUA53\X64\RELEASE\LCOROLIB.OBJ
         	E:\WORK\VISUALSTUDIO2017\LUA\LUA53\LUA53\X64\RELEASE\LCTYPE.OBJ
         	E:\WORK\VISUALSTUDIO2017\LUA\LUA53\LUA53\X64\RELEASE\LDBLIB.OBJ
         	E:\WORK\VISUALSTUDIO2017\LUA\LUA53\LUA53\X64\RELEASE\LDEBUG.OBJ
         	E:\WORK\VISUALSTUDIO2017\LUA\LUA53\LUA53\X64\RELEASE\LDO.OBJ
         	E:\WORK\VISUALSTUDIO2017\LUA\LUA53\LUA53\X64\RELEASE\LDUMP.OBJ
         	E:\WORK\VISUALSTUDIO2017\LUA\LUA53\LUA53\X64\RELEASE\LFUNC.OBJ
         	E:\WORK\VISUALSTUDIO2017\LUA\LUA53\LUA53\X64\RELEASE\LGC.OBJ
         	E:\WORK\VISUALSTUDIO2017\LUA\LUA53\LUA53\X64\RELEASE\LINIT.OBJ
         	E:\WORK\VISUALSTUDIO2017\LUA\LUA53\LUA53\X64\RELEASE\LIOLIB.OBJ
         	E:\WORK\VISUALSTUDIO2017\LUA\LUA53\LUA53\X64\RELEASE\LLEX.OBJ
         	E:\WORK\VISUALSTUDIO2017\LUA\LUA53\LUA53\X64\RELEASE\LMATHLIB.OBJ
         	E:\WORK\VISUALSTUDIO2017\LUA\LUA53\LUA53\X64\RELEASE\LMEM.OBJ
         	E:\WORK\VISUALSTUDIO2017\LUA\LUA53\LUA53\X64\RELEASE\LOADLIB.OBJ
         	E:\WORK\VISUALSTUDIO2017\LUA\LUA53\LUA53\X64\RELEASE\LOBJECT.OBJ
         	E:\WORK\VISUALSTUDIO2017\LUA\LUA53\LUA53\X64\RELEASE\LOPCODES.OBJ
         	E:\WORK\VISUALSTUDIO2017\LUA\LUA53\LUA53\X64\RELEASE\LOSLIB.OBJ
         	E:\WORK\VISUALSTUDIO2017\LUA\LUA53\LUA53\X64\RELEASE\LPARSER.OBJ
         	E:\WORK\VISUALSTUDIO2017\LUA\LUA53\LUA53\X64\RELEASE\LSTATE.OBJ
         	E:\WORK\VISUALSTUDIO2017\LUA\LUA53\LUA53\X64\RELEASE\LSTRING.OBJ
         	E:\WORK\VISUALSTUDIO2017\LUA\LUA53\LUA53\X64\RELEASE\LSTRLIB.OBJ
         	E:\WORK\VISUALSTUDIO2017\LUA\LUA53\LUA53\X64\RELEASE\LTABLE.OBJ
         	E:\WORK\VISUALSTUDIO2017\LUA\LUA53\LUA53\X64\RELEASE\LTABLIB.OBJ
         	E:\WORK\VISUALSTUDIO2017\LUA\LUA53\LUA53\X64\RELEASE\LTM.OBJ
         	E:\WORK\VISUALSTUDIO2017\LUA\LUA53\LUA53\X64\RELEASE\LUNDUMP.OBJ
         	E:\WORK\VISUALSTUDIO2017\LUA\LUA53\LUA53\X64\RELEASE\LUTF8LIB.OBJ
         	E:\WORK\VISUALSTUDIO2017\LUA\LUA53\LUA53\X64\RELEASE\LVM.OBJ
         	E:\WORK\VISUALSTUDIO2017\LUA\LUA53\LUA53\X64\RELEASE\LZIO.OBJ
         需要编译源: 输入 E:\WORK\VISUALSTUDIO2017\LUA\LUA53\LUA53\X64\RELEASE\LUA53.RES 比输出 E:\WORK\VISUALSTUDIO2017\LUA\LUA53\X64\RELEASE\LUA53.LIB 新。
         C:\Program Files (x86)\Microsoft Visual Studio\2017\Enterprise\VC\Tools\MSVC\14.13.26128\bin\HostX86\x64\Lib.exe /OUT:"E:\Work\VisualStudio2017\Lua\Lua53\x64\Release\Lua53.lib" /NOLOGO /MACHINE:X64 /LTCG x64\Release\Lua53.res
         x64\Release\lapi.obj
         x64\Release\lauxlib.obj
         x64\Release\lbaselib.obj
         x64\Release\lbitlib.obj
         x64\Release\lcode.obj
         x64\Release\lcorolib.obj
         x64\Release\lctype.obj
         x64\Release\ldblib.obj
         x64\Release\ldebug.obj
         x64\Release\ldo.obj
         x64\Release\ldump.obj
         x64\Release\lfunc.obj
         x64\Release\lgc.obj
         x64\Release\linit.obj
         x64\Release\liolib.obj
         x64\Release\llex.obj
         x64\Release\lmathlib.obj
         x64\Release\lmem.obj
         x64\Release\loadlib.obj
         x64\Release\lobject.obj
         x64\Release\lopcodes.obj
         x64\Release\loslib.obj
         x64\Release\lparser.obj
         x64\Release\lstate.obj
         x64\Release\lstring.obj
         x64\Release\lstrlib.obj
         x64\Release\ltable.obj
         x64\Release\ltablib.obj
         x64\Release\ltm.obj
         x64\Release\lundump.obj
         x64\Release\lutf8lib.obj
         x64\Release\lvm.obj
         x64\Release\lzio.obj
         跟踪命令:
         C:\Program Files (x86)\Microsoft Visual Studio\2017\Enterprise\MSBuild\15.0\Bin\Tracker.exe /d "C:\Program Files (x86)\MSBuild\15.0\FileTracker\FileTracker32.dll" /i E:\Work\VisualStudio2017\Lua\Lua53\Lua53\x64\Release\Lua53.tlog /r "E:\WORK\VISUALSTUDIO2017\LUA\LUA53\LUA53\X64\RELEASE\LAPI.OBJ|E:\WORK\VISUALSTUDIO2017\LUA\LUA53\LUA53\X64\RELEASE\LAUXLIB.OBJ|E:\WORK\VISUALSTUDIO2017\LUA\LUA53\LUA53\X64\RELEASE\LBASELIB.OBJ|E:\WORK\VISUALSTUDIO2017\LUA\LUA53\LUA53\X64\RELEASE\LBITLIB.OBJ|E:\WORK\VISUALSTUDIO2017\LUA\LUA53\LUA53\X64\RELEASE\LCODE.OBJ|E:\WORK\VISUALSTUDIO2017\LUA\LUA53\LUA53\X64\RELEASE\LCOROLIB.OBJ|E:\WORK\VISUALSTUDIO2017\LUA\LUA53\LUA53\X64\RELEASE\LCTYPE.OBJ|E:\WORK\VISUALSTUDIO2017\LUA\LUA53\LUA53\X64\RELEASE\LDBLIB.OBJ|E:\WORK\VISUALSTUDIO2017\LUA\LUA53\LUA53\X64\RELEASE\LDEBUG.OBJ|E:\WORK\VISUALSTUDIO2017\LUA\LUA53\LUA53\X64\RELEASE\LDO.OBJ|E:\WORK\VISUALSTUDIO2017\LUA\LUA53\LUA53\X64\RELEASE\LDUMP.OBJ|E:\WORK\VISUALSTUDIO2017\LUA\LUA53\LUA53\X64\RELEASE\LFUNC.OBJ|E:\WORK\VISUALSTUDIO2017\LUA\LUA53\LUA53\X64\RELEASE\LGC.OBJ|E:\WORK\VISUALSTUDIO2017\LUA\LUA53\LUA53\X64\RELEASE\LINIT.OBJ|E:\WORK\VISUALSTUDIO2017\LUA\LUA53\LUA53\X64\RELEASE\LIOLIB.OBJ|E:\WORK\VISUALSTUDIO2017\LUA\LUA53\LUA53\X64\RELEASE\LLEX.OBJ|E:\WORK\VISUALSTUDIO2017\LUA\LUA53\LUA53\X64\RELEASE\LMATHLIB.OBJ|E:\WORK\VISUALSTUDIO2017\LUA\LUA53\LUA53\X64\RELEASE\LMEM.OBJ|E:\WORK\VISUALSTUDIO2017\LUA\LUA53\LUA53\X64\RELEASE\LOADLIB.OBJ|E:\WORK\VISUALSTUDIO2017\LUA\LUA53\LUA53\X64\RELEASE\LOBJECT.OBJ|E:\WORK\VISUALSTUDIO2017\LUA\LUA53\LUA53\X64\RELEASE\LOPCODES.OBJ|E:\WORK\VISUALSTUDIO2017\LUA\LUA53\LUA53\X64\RELEASE\LOSLIB.OBJ|E:\WORK\VISUALSTUDIO2017\LUA\LUA53\LUA53\X64\RELEASE\LPARSER.OBJ|E:\WORK\VISUALSTUDIO2017\LUA\LUA53\LUA53\X64\RELEASE\LSTATE.OBJ|E:\WORK\VISUALSTUDIO2017\LUA\LUA53\LUA53\X64\RELEASE\LSTRING.OBJ|E:\WORK\VISUALSTUDIO2017\LUA\LUA53\LUA53\X64\RELEASE\LSTRLIB.OBJ|E:\WORK\VISUALSTUDIO2017\LUA\LUA53\LUA53\X64\RELEASE\LTABLE.OBJ|E:\WORK\VISUALSTUDIO2017\LUA\LUA53\LUA53\X64\RELEASE\LTABLIB.OBJ|E:\WORK\VISUALSTUDIO2017\LUA\LUA53\LUA53\X64\RELEASE\LTM.OBJ|E:\WORK\VISUALSTUDIO2017\LUA\LUA53\LUA53\X64\RELEASE\LUA53.RES|E:\WORK\VISUALSTUDIO2017\LUA\LUA53\LUA53\X64\RELEASE\LUNDUMP.OBJ|E:\WORK\VISUALSTUDIO2017\LUA\LUA53\LUA53\X64\RELEASE\LUTF8LIB.OBJ|E:\WORK\VISUALSTUDIO2017\LUA\LUA53\LUA53\X64\RELEASE\LVM.OBJ|E:\WORK\VISUALSTUDIO2017\LUA\LUA53\LUA53\X64\RELEASE\LZIO.OBJ" /b MSBuildConsole_CancelEventcc1e62cce47c451d8f3ea81b1661fc56  /c "C:\Program Files (x86)\Microsoft Visual Studio\2017\Enterprise\VC\Tools\MSVC\14.13.26128\bin\HostX86\x64\Lib.exe"  /OUT:"E:\Work\VisualStudio2017\Lua\Lua53\x64\Release\Lua53.lib" /NOLOGO /MACHINE:X64 /LTCG x64\Release\Lua53.res
         x64\Release\lapi.obj
         x64\Release\lauxlib.obj
         x64\Release\lbaselib.obj
         x64\Release\lbitlib.obj
         x64\Release\lcode.obj
         x64\Release\lcorolib.obj
         x64\Release\lctype.obj
         x64\Release\ldblib.obj
         x64\Release\ldebug.obj
         x64\Release\ldo.obj
         x64\Release\ldump.obj
         x64\Release\lfunc.obj
         x64\Release\lgc.obj
         x64\Release\linit.obj
         x64\Release\liolib.obj
         x64\Release\llex.obj
         x64\Release\lmathlib.obj
         x64\Release\lmem.obj
         x64\Release\loadlib.obj
         x64\Release\lobject.obj
         x64\Release\lopcodes.obj
         x64\Release\loslib.obj
         x64\Release\lparser.obj
         x64\Release\lstate.obj
         x64\Release\lstring.obj
         x64\Release\lstrlib.obj
         x64\Release\ltable.obj
         x64\Release\ltablib.obj
         x64\Release\ltm.obj
         x64\Release\lundump.obj
         x64\Release\lutf8lib.obj
         x64\Release\lvm.obj
         x64\Release\lzio.obj
       已完成执行任务“LIB”的操作。
       任务“Message”
         Lua53.vcxproj -> E:\Work\VisualStudio2017\Lua\Lua53\x64\Release\Lua53.lib
       已完成执行任务“Message”的操作。
     1>已完成在项目“Lua53.vcxproj”中生成目标“Lib”的操作。
     1>来自项目“E:\Work\VisualStudio2017\Lua\Lua53\Lua53\Lua53.vcxproj”的文件“C:\Program Files (x86)\Microsoft Visual Studio\2017\Enterprise\Common7\IDE\VC\VCTargets\Microsoft.CppBuild.targets”中的目标“AfterLib”(目标“_Lib”依赖于它):
     1>已完成在项目“Lua53.vcxproj”中生成目标“AfterLib”的操作。
     1>来自项目“E:\Work\VisualStudio2017\Lua\Lua53\Lua53\Lua53.vcxproj”的文件“C:\Program Files (x86)\Microsoft Visual Studio\2017\Enterprise\Common7\IDE\VC\VCTargets\Microsoft.CppBuild.targets”中的目标“_Lib”(目标“_BuildCompileAction”依赖于它):
     1>已完成在项目“Lua53.vcxproj”中生成目标“_Lib”的操作。
     1>来自项目“E:\Work\VisualStudio2017\Lua\Lua53\Lua53\Lua53.vcxproj”的文件“C:\Program Files (x86)\Microsoft Visual Studio\2017\Enterprise\Common7\IDE\VC\VCTargets\Microsoft.CppBuild.targets”中的目标“AfterBuildCompileEvent”(目标“_BuildCompileAction”依赖于它):
     1>已完成在项目“Lua53.vcxproj”中生成目标“AfterBuildCompileEvent”的操作。
     1>来自项目“E:\Work\VisualStudio2017\Lua\Lua53\Lua53\Lua53.vcxproj”的文件“C:\Program Files (x86)\Microsoft Visual Studio\2017\Enterprise\Common7\IDE\VC\VCTargets\Microsoft.CppBuild.targets”中的目标“_BuildCompileAction”(目标“BuildCompile”依赖于它):
     1>已完成在项目“Lua53.vcxproj”中生成目标“_BuildCompileAction”的操作。
     1>来自项目“E:\Work\VisualStudio2017\Lua\Lua53\Lua53\Lua53.vcxproj”的文件“C:\Program Files (x86)\Microsoft Visual Studio\2017\Enterprise\MSBuild\15.0\Bin\Microsoft.Common.CurrentVersion.targets”中的目标“BuildCompile”(目标“Build”依赖于它):
     1>已完成在项目“Lua53.vcxproj”中生成目标“BuildCompile”的操作。
       已跳过目标“PrepareProjectReferences”。以前的生成已成功。
     1>来自项目“E:\Work\VisualStudio2017\Lua\Lua53\Lua53\Lua53.vcxproj”的文件“C:\Program Files (x86)\Microsoft Visual Studio\2017\Enterprise\MSBuild\15.0\Bin\Microsoft.Common.CurrentVersion.targets”中的目标“BuildLinkTraverse”(目标“BuildLink”依赖于它):
       由于 false 条件，已跳过任务“MSBuild”；('$(BuildPassReferences)' == 'true' and '@(ProjectReferenceWithConfiguration)' != '' and '@(_MSBuildProjectReferenceExistent)' != ''  and '%(_MSBuildProjectReferenceExistent.BuildReference)' == 'true')计算为('' == 'true' and '' != '' and '' != ''  and '' == 'true')。
     1>已完成在项目“Lua53.vcxproj”中生成目标“BuildLinkTraverse”的操作。
       已跳过目标“PrepareForBuild”。以前的生成已成功。
       已跳过目标“ResolveReferences”。以前的生成已成功。
     1>来自项目“E:\Work\VisualStudio2017\Lua\Lua53\Lua53\Lua53.vcxproj”的文件“C:\Program Files (x86)\Microsoft Visual Studio\2017\Enterprise\Common7\IDE\VC\VCTargets\Microsoft.CppBuild.targets”中的目标“ComputeLegacyManifestEmbedding”(目标“_BuildLinkAction”依赖于它):
       由于 false 条件，已跳过任务“VCMessage”；('$(RevertManifestEmbedding)' == 'true' and '$(_LegacyManifestEmbeddingDebug)' == 'true')计算为('' == 'true' and '' == 'true')。
     1>已完成在项目“Lua53.vcxproj”中生成目标“ComputeLegacyManifestEmbedding”的操作。
       由于条件的计算结果为 false，已跳过目标“_Link”；('$(LinkCompiled)' == 'true')的计算结果为('' == 'true')。
     1>来自项目“E:\Work\VisualStudio2017\Lua\Lua53\Lua53\Lua53.vcxproj”的文件“C:\Program Files (x86)\Microsoft Visual Studio\2017\Enterprise\Common7\IDE\VC\VCTargets\Microsoft.CppBuild.targets”中的目标“_ALink”(目标“_BuildLinkAction”依赖于它):
     1>已完成在项目“Lua53.vcxproj”中生成目标“_ALink”的操作。
       已跳过目标“ComputeLegacyManifestEmbedding”。以前的生成已成功。
     1>来自项目“E:\Work\VisualStudio2017\Lua\Lua53\Lua53\Lua53.vcxproj”的文件“C:\Program Files (x86)\Microsoft Visual Studio\2017\Enterprise\Common7\IDE\VC\VCTargets\Microsoft.CppBuild.targets”中的目标“_Manifest”(目标“_BuildLinkAction”依赖于它):
       由于 false 条件，已跳过任务“CallTarget”；('$(LegacyManifestEmbedding)' == 'true')计算为('' == 'true')。
     1>已完成在项目“Lua53.vcxproj”中生成目标“_Manifest”的操作。
     1>来自项目“E:\Work\VisualStudio2017\Lua\Lua53\Lua53\Lua53.vcxproj”的文件“C:\Dev\vcpkg\scripts\buildsystems\msbuild\vcpkg.targets”中的目标“AppLocalFromInstalled”(目标“RegisterOutput”依赖于它):
       任务“WriteLinesToFile”
       已完成执行任务“WriteLinesToFile”的操作。
       由于 false 条件，已跳过任务“Exec”；($(VcpkgConfiguration.StartsWith('Debug')))计算为(False)。
       正在使用程序集“Microsoft.Build.Tasks.Core, Version=15.1.0.0, Culture=neutral, PublicKeyToken=b03f5f7f11d50a3a”中的“Exec”任务。
       任务“Exec”
         C:\WINDOWS\System32\WindowsPowerShell\v1.0\powershell.exe -ExecutionPolicy Bypass -noprofile -File "C:\Dev\vcpkg\scripts\buildsystems\msbuild\applocal.ps1" "E:\Work\VisualStudio2017\Lua\Lua53\x64\Release\Lua53.lib" "C:\Dev\vcpkg\installed\x64-windows\bin" "x64\Release\Lua53.tlog\Lua53.write.1u.tlog" "x64\Release\vcpkg.applocal.log"
       已完成执行任务“Exec”的操作。
       任务“ReadLinesFromFile”
       已完成执行任务“ReadLinesFromFile”的操作。
       任务“Message”
       已完成执行任务“Message”的操作。
     1>已完成在项目“Lua53.vcxproj”中生成目标“AppLocalFromInstalled”的操作。
     1>来自项目“E:\Work\VisualStudio2017\Lua\Lua53\Lua53\Lua53.vcxproj”的文件“C:\Program Files (x86)\Microsoft Visual Studio\2017\Enterprise\Common7\IDE\VC\VCTargets\Microsoft.CppCommon.targets”中的目标“RegisterOutput”(目标“_BuildLinkAction”依赖于它):
       由于 false 条件，已跳过任务“Exec”；('$(ConfigurationType)'=='DynamicLibrary' and '%(Link.RegisterOutput)'=='true' and '%(Link.PerUserRedirection)'!='true')计算为('StaticLibrary'=='DynamicLibrary' and ''=='true' and ''!='true')。
       由于 false 条件，已跳过任务“Exec”；('$(ConfigurationType)'=='DynamicLibrary' and '%(Link.RegisterOutput)'=='true' and '%(Link.PerUserRedirection)'=='true')计算为('StaticLibrary'=='DynamicLibrary' and ''=='true' and ''=='true')。
       由于 false 条件，已跳过任务“Exec”；('$(ConfigurationType)'=='Application' and '%(Link.RegisterOutput)'=='true' and '%(Link.PerUserRedirection)'!='true')计算为('StaticLibrary'=='Application' and ''=='true' and ''!='true')。
       由于 false 条件，已跳过任务“Exec”；('$(ConfigurationType)'=='Application' and '%(Link.RegisterOutput)'=='true' and '%(Link.PerUserRedirection)'=='true')计算为('StaticLibrary'=='Application' and ''=='true' and ''=='true')。
       由于 false 条件，已跳过任务“VCMessage”；('$(_RegisterOutputExitCode)' != '' and '$(_RegisterOutputExitCode)' != '0')计算为('' != '' and '' != '0')。
     1>已完成在项目“Lua53.vcxproj”中生成目标“RegisterOutput”的操作。
       已跳过目标“PrepareForBuild”。以前的生成已成功。
       已跳过目标“ResolveReferences”。以前的生成已成功。
     1>来自项目“E:\Work\VisualStudio2017\Lua\Lua53\Lua53\Lua53.vcxproj”的文件“C:\Program Files (x86)\Microsoft Visual Studio\2017\Enterprise\Common7\IDE\VC\VCTargets\Microsoft.CppBuild.targets”中的目标“ResolvedXDCMake”(目标“_XdcMake”依赖于它):
       由于 false 条件，已跳过任务“MSBuild”；('%(_MSBuildProjectReferenceExistent.Extension)' == '.vcxproj' and '@(ProjectReferenceWithConfiguration)' != '' and '@(_MSBuildProjectReferenceExistent)' != '' and '$(_ClCompileGenerateXMLDocumentationFiles)' == 'true')计算为('' == '.vcxproj' and '' != '' and '' != '' and '' == 'true')。
     1>已完成在项目“Lua53.vcxproj”中生成目标“ResolvedXDCMake”的操作。
     1>来自项目“E:\Work\VisualStudio2017\Lua\Lua53\Lua53\Lua53.vcxproj”的文件“C:\Program Files (x86)\Microsoft Visual Studio\2017\Enterprise\Common7\IDE\VC\VCTargets\Microsoft.CppBuild.targets”中的目标“ComputeCLCompileGeneratedXDCFiles”(目标“_XdcMake”依赖于它):
     1>已完成在项目“Lua53.vcxproj”中生成目标“ComputeCLCompileGeneratedXDCFiles”的操作。
     1>来自项目“E:\Work\VisualStudio2017\Lua\Lua53\Lua53\Lua53.vcxproj”的文件“C:\Program Files (x86)\Microsoft Visual Studio\2017\Enterprise\Common7\IDE\VC\VCTargets\Microsoft.CppBuild.targets”中的目标“MakeDirsForXdcMake”(目标“_XdcMake”依赖于它):
       任务“MakeDir”
       已完成执行任务“MakeDir”的操作。
     1>已完成在项目“Lua53.vcxproj”中生成目标“MakeDirsForXdcMake”的操作。
       由于条件的计算结果为 false，已跳过目标“XdcMake”；('@(XdcMake)' != '')的计算结果为('' != '')。
     1>来自项目“E:\Work\VisualStudio2017\Lua\Lua53\Lua53\Lua53.vcxproj”的文件“C:\Program Files (x86)\Microsoft Visual Studio\2017\Enterprise\Common7\IDE\VC\VCTargets\Microsoft.CppBuild.targets”中的目标“_XdcMake”(目标“_BuildLinkAction”依赖于它):
     1>已完成在项目“Lua53.vcxproj”中生成目标“_XdcMake”的操作。
     1>来自项目“E:\Work\VisualStudio2017\Lua\Lua53\Lua53\Lua53.vcxproj”的文件“C:\Program Files (x86)\Microsoft Visual Studio\2017\Enterprise\Common7\IDE\VC\VCTargets\Microsoft.CppBuild.targets”中的目标“ComputeCLCompileGeneratedSbrFiles”(目标“_BscMake”依赖于它):
     1>已完成在项目“Lua53.vcxproj”中生成目标“ComputeCLCompileGeneratedSbrFiles”的操作。
     1>来自项目“E:\Work\VisualStudio2017\Lua\Lua53\Lua53\Lua53.vcxproj”的文件“C:\Program Files (x86)\Microsoft Visual Studio\2017\Enterprise\Common7\IDE\VC\VCTargets\Microsoft.CppBuild.targets”中的目标“MakeDirsForBscMake”(目标“_BscMake”依赖于它):
       任务“MakeDir”
       已完成执行任务“MakeDir”的操作。
     1>已完成在项目“Lua53.vcxproj”中生成目标“MakeDirsForBscMake”的操作。
       由于条件的计算结果为 false，已跳过目标“BscMake”；('@(BscMake)' != '')的计算结果为('' != '')。
       由于条件的计算结果为 false，已跳过目标“CustomBuildStep”；('@(CustomBuildStep)' != '' and '$(SelectedFiles)'=='')的计算结果为('' != '' and ''=='')。
     1>来自项目“E:\Work\VisualStudio2017\Lua\Lua53\Lua53\Lua53.vcxproj”的文件“C:\Program Files (x86)\Microsoft Visual Studio\2017\Enterprise\Common7\IDE\VC\VCTargets\Microsoft.CppBuild.targets”中的目标“_BscMake”(目标“_BuildLinkAction”依赖于它):
     1>已完成在项目“Lua53.vcxproj”中生成目标“_BscMake”的操作。
       由于条件的计算结果为 false，已跳过目标“RunMergeNativeCodeAnalysis”；('$(Language)'=='C++' and '$(RunCodeAnalysisOnThisProject)'=='true')的计算结果为('C++'=='C++' and ''=='true')。
       由于条件的计算结果为 false，已跳过目标“RunNativeCodeAnalysis”；('$(Language)'=='C++' and '$(RunCodeAnalysisOnThisProject)'=='true')的计算结果为('C++'=='C++' and ''=='true')。
     1>来自项目“E:\Work\VisualStudio2017\Lua\Lua53\Lua53\Lua53.vcxproj”的文件“C:\Program Files (x86)\Microsoft Visual Studio\2017\Enterprise\MSBuild\15.0\Bin\Microsoft.Common.CurrentVersion.targets”中的目标“_GenerateSatelliteAssemblyInputs”(目标“CreateSatelliteAssemblies”依赖于它):
       由于 false 条件，已跳过任务“Warning”；('@(ManifestResourceWithCulture)'!='' and '%(ManifestResourceWithCulture.EmittedForCompatibilityOnly)'=='')计算为(''!='' and ''=='')。
       由于 false 条件，已跳过任务“Warning”；('@(ManifestNonResxWithCultureOnDisk)'!='' and '%(ManifestNonResxWithCultureOnDisk.EmittedForCompatibilityOnly)'=='')计算为(''!='' and ''=='')。
     1>已完成在项目“Lua53.vcxproj”中生成目标“_GenerateSatelliteAssemblyInputs”的操作。
       由于条件的计算结果为 false，已跳过目标“ComputeIntermediateSatelliteAssemblies”；(@(ReferenceSatellitePaths->'%(DestinationSubDirectory)') != '')的计算结果为( != '')。
       由于条件的计算结果为 false，已跳过目标“GenerateSatelliteAssemblies”；('@(_SatelliteAssemblyResourceInputs)' != '')的计算结果为('' != '')。
     1>来自项目“E:\Work\VisualStudio2017\Lua\Lua53\Lua53\Lua53.vcxproj”的文件“C:\Program Files (x86)\Microsoft Visual Studio\2017\Enterprise\MSBuild\15.0\Bin\Microsoft.Common.CurrentVersion.targets”中的目标“CreateSatelliteAssemblies”(目标“_BuildLinkAction”依赖于它):
     1>已完成在项目“Lua53.vcxproj”中生成目标“CreateSatelliteAssemblies”的操作。
     1>来自项目“E:\Work\VisualStudio2017\Lua\Lua53\Lua53\Lua53.vcxproj”的文件“C:\Program Files (x86)\Microsoft Visual Studio\2017\Enterprise\Common7\IDE\VC\VCTargets\Microsoft.CppBuild.targets”中的目标“_Appverifier”(目标“_BuildLinkAction”依赖于它):
     1>已完成在项目“Lua53.vcxproj”中生成目标“_Appverifier”的操作。
     1>来自项目“E:\Work\VisualStudio2017\Lua\Lua53\Lua53\Lua53.vcxproj”的文件“C:\Program Files (x86)\Microsoft Visual Studio\2017\Enterprise\Common7\IDE\VC\VCTargets\Microsoft.CppBuild.targets”中的目标“_Deploy”(目标“_BuildLinkAction”依赖于它):
     1>已完成在项目“Lua53.vcxproj”中生成目标“_Deploy”的操作。
       由于条件的计算结果为 false，已跳过目标“ComputeIntermediateSatelliteAssemblies”；(@(ReferenceSatellitePaths->'%(DestinationSubDirectory)') != '')的计算结果为( != '')。
       由于条件的计算结果为 false，已跳过目标“_CopyFilesMarkedCopyLocal”；('@(ReferenceCopyLocalPaths)' != '')的计算结果为('' != '')。
     1>来自项目“E:\Work\VisualStudio2017\Lua\Lua53\Lua53\Lua53.vcxproj”的文件“C:\Program Files (x86)\Microsoft Visual Studio\2017\Enterprise\MSBuild\15.0\Bin\Microsoft.Common.CurrentVersion.targets”中的目标“AssignTargetPaths”(目标“GetCopyToOutputDirectoryItems”依赖于它):
       正在使用程序集“Microsoft.Build.Tasks.Core, Version=15.1.0.0, Culture=neutral, PublicKeyToken=b03f5f7f11d50a3a”中的“AssignTargetPath”任务。
       任务“AssignTargetPath”
       已完成执行任务“AssignTargetPath”的操作。
       任务“AssignTargetPath”
       已完成执行任务“AssignTargetPath”的操作。
       任务“AssignTargetPath”
       已完成执行任务“AssignTargetPath”的操作。
       任务“AssignTargetPath”
       已完成执行任务“AssignTargetPath”的操作。
       由于 false 条件，已跳过任务“AssignTargetPath”；('@(_DeploymentBaseManifestWithTargetPath)'=='' and '%(None.Extension)'=='.manifest')计算为(''=='' and ''=='.manifest')。
     1>已完成在项目“Lua53.vcxproj”中生成目标“AssignTargetPaths”的操作。
       已跳过目标“_SplitProjectReferencesByFileExistence”。以前的生成已成功。
       已跳过目标“_GetProjectReferenceTargetFrameworkProperties”。以前的生成已成功。
     1>来自项目“E:\Work\VisualStudio2017\Lua\Lua53\Lua53\Lua53.vcxproj”的文件“C:\WINDOWS\Microsoft.NET\Framework\v4.0.30319\Microsoft.Xaml.targets”中的目标“GetCopyToOutputDirectoryXamlAppDefs”(目标“GetCopyToOutputDirectoryItems”依赖于它):
       任务“AssignTargetPath”
       已完成执行任务“AssignTargetPath”的操作。
     1>已完成在项目“Lua53.vcxproj”中生成目标“GetCopyToOutputDirectoryXamlAppDefs”的操作。
     1>来自项目“E:\Work\VisualStudio2017\Lua\Lua53\Lua53\Lua53.vcxproj”的文件“C:\Program Files (x86)\Microsoft Visual Studio\2017\Enterprise\MSBuild\15.0\Bin\Microsoft.Common.CurrentVersion.targets”中的目标“GetCopyToOutputDirectoryItems”(目标“_CopySourceItemsToOutputDirectory”依赖于它):
       由于 false 条件，已跳过任务“MSBuild”；('@(_MSBuildProjectReferenceExistent)' != '' and '$(_GetChildProjectCopyToOutputDirectoryItems)' == 'true' and '%(_MSBuildProjectReferenceExistent.Private)' != 'false' and '$(UseCommonOutputDirectory)' != 'true')计算为('' != '' and 'true' == 'true' and '' != 'false' and 'false' != 'true')。
       任务“AssignTargetPath”
       已完成执行任务“AssignTargetPath”的操作。
     1>已完成在项目“Lua53.vcxproj”中生成目标“GetCopyToOutputDirectoryItems”的操作。
       由于条件的计算结果为 false，已跳过目标“_CopyOutOfDateSourceItemsToOutputDirectory”；( '@(_SourceItemsToCopyToOutputDirectory)' != '' )的计算结果为( '' != '' )。
       由于条件的计算结果为 false，已跳过目标“_CopyOutOfDateSourceItemsToOutputDirectoryAlways”；( '@(_SourceItemsToCopyToOutputDirectoryAlways)' != '' )的计算结果为( '' != '' )。
     1>来自项目“E:\Work\VisualStudio2017\Lua\Lua53\Lua53\Lua53.vcxproj”的文件“C:\Program Files (x86)\Microsoft Visual Studio\2017\Enterprise\MSBuild\15.0\Bin\Microsoft.Common.CurrentVersion.targets”中的目标“_CopySourceItemsToOutputDirectory”(目标“CopyFilesToOutputDirectory”依赖于它):
     1>已完成在项目“Lua53.vcxproj”中生成目标“_CopySourceItemsToOutputDirectory”的操作。
       由于条件的计算结果为 false，已跳过目标“_CopyAppConfigFile”；( '@(AppConfigWithTargetPath)' != '' )的计算结果为( '' != '' )。
       由于条件的计算结果为 false，已跳过目标“_CopyManifestFiles”；( '$(_DeploymentCopyApplicationManifest)'=='true' or '$(GenerateClickOnceManifests)'=='true' )的计算结果为( ''=='true' or ''=='true' )。
     1>来自项目“E:\Work\VisualStudio2017\Lua\Lua53\Lua53\Lua53.vcxproj”的文件“C:\Program Files (x86)\Microsoft Visual Studio\2017\Enterprise\MSBuild\15.0\Bin\Microsoft.Common.CurrentVersion.targets”中的目标“_CheckForCompileOutputs”(目标“CopyFilesToOutputDirectory”依赖于它):
     1>已完成在项目“Lua53.vcxproj”中生成目标“_CheckForCompileOutputs”的操作。
       由于条件的计算结果为 false，已跳过目标“_SGenCheckForOutputs”；('$(_SGenGenerateSerializationAssembliesConfig)' == 'On' or ('@(WebReferenceUrl)'!='' and '$(_SGenGenerateSerializationAssembliesConfig)' == 'Auto'))的计算结果为('Auto' == 'On' or (''!='' and 'Auto' == 'Auto'))。
     1>来自项目“E:\Work\VisualStudio2017\Lua\Lua53\Lua53\Lua53.vcxproj”的文件“C:\Program Files (x86)\Microsoft Visual Studio\2017\Enterprise\MSBuild\15.0\Bin\Microsoft.Common.CurrentVersion.targets”中的目标“CopyFilesToOutputDirectory”(目标“PrepareForRun”依赖于它):
       由于 false 条件，已跳过任务“Copy”；('$(CopyBuildOutputToOutputDirectory)' == 'true' and '$(SkipCopyBuildProduct)' != 'true')计算为('true' == 'true' and 'true' != 'true')。
       由于 false 条件，已跳过任务“CopyRefAssembly”；('$(ProduceReferenceAssembly)' == 'true' and '$(CopyBuildOutputToOutputDirectory)' == 'true' and '$(SkipCopyBuildProduct)' != 'true')计算为('false' == 'true' and 'true' == 'true' and 'true' != 'true')。
       由于 false 条件，已跳过任务“Message”；('$(CopyBuildOutputToOutputDirectory)' == 'true' and '$(SkipCopyBuildProduct)'!='true')计算为('true' == 'true' and 'true'!='true')。
       由于 false 条件，已跳过任务“Copy”；('@(AddModules)' != '')计算为('' != '')。
       由于 false 条件，已跳过任务“Copy”；('$(_SGenDllCreated)'=='true')计算为('false'=='true')。
       由于 false 条件，已跳过任务“Copy”；('$(_DebugSymbolsProduced)'=='true' and '$(SkipCopyingSymbolsToOutputDirectory)' != 'true' and '$(CopyOutputSymbolsToOutputDirectory)'=='true')计算为('false'=='true' and '' != 'true' and 'true'=='true')。
       由于 false 条件，已跳过任务“Copy”；('$(_DocumentationFileProduced)'=='true')计算为('false'=='true')。
       由于 false 条件，已跳过任务“Copy”；('@(IntermediateSatelliteAssembliesWithTargetPath)' != '')计算为('' != '')。
       由于 false 条件，已跳过任务“Copy”；('@(ReferenceComWrappersToCopyLocal)' != '' or '@(ResolvedIsolatedComModules)' != '' or '@(_DeploymentLooseManifestFile)' != '' or '@(NativeReferenceFile)' != '' )计算为('' != '' or '' != '' or '' != '' or '' != '' )。
       由于 false 条件，已跳过任务“Copy”；('$(SkipCopyWinMDArtifact)' != 'true' and '@(WinMDExpArtifacts)' != '')计算为('' != 'true' and '' != '')。
       由于 false 条件，已跳过任务“Message”；('$(SkipCopyWinMDArtifact)' != 'true' and '$(_WindowsMetadataOutputPath)' != '')计算为('' != 'true' and '' != '')。
     1>已完成在项目“Lua53.vcxproj”中生成目标“CopyFilesToOutputDirectory”的操作。
     1>来自项目“E:\Work\VisualStudio2017\Lua\Lua53\Lua53\Lua53.vcxproj”的文件“C:\Program Files (x86)\Microsoft Visual Studio\2017\Enterprise\MSBuild\15.0\Bin\Microsoft.Common.CurrentVersion.targets”中的目标“PrepareForRun”(目标“_BuildLinkAction”依赖于它):
     1>已完成在项目“Lua53.vcxproj”中生成目标“PrepareForRun”的操作。
       由于条件的计算结果为 false，已跳过目标“CustomBuildStep”；('@(CustomBuildStep)' != '' and '$(SelectedFiles)'=='')的计算结果为('' != '' and ''=='')。
     1>来自项目“E:\Work\VisualStudio2017\Lua\Lua53\Lua53\Lua53.vcxproj”的文件“C:\Program Files (x86)\Microsoft Visual Studio\2017\Enterprise\Common7\IDE\VC\VCTargets\Microsoft.CppCommon.targets”中的目标“PostBuildEvent”(目标“_BuildLinkAction”依赖于它):
       由于 false 条件，已跳过任务“Message”；('%(PostBuildEvent.Message)' != '' and '%(PostBuildEvent.Command)' != '')计算为('' != '' and '' != '')。
       由于 false 条件，已跳过任务“Exec”；('%(PostBuildEvent.Command)' != '')计算为('' != '')。
     1>已完成在项目“Lua53.vcxproj”中生成目标“PostBuildEvent”的操作。
     1>来自项目“E:\Work\VisualStudio2017\Lua\Lua53\Lua53\Lua53.vcxproj”的文件“C:\Program Files (x86)\Microsoft Visual Studio\2017\Enterprise\Common7\IDE\VC\VCTargets\Microsoft.CppBuild.targets”中的目标“_BuildLinkAction”(目标“BuildLink”依赖于它):
     1>已完成在项目“Lua53.vcxproj”中生成目标“_BuildLinkAction”的操作。
     1>来自项目“E:\Work\VisualStudio2017\Lua\Lua53\Lua53\Lua53.vcxproj”的文件“C:\Program Files (x86)\Microsoft Visual Studio\2017\Enterprise\MSBuild\15.0\Bin\Microsoft.Common.CurrentVersion.targets”中的目标“BuildLink”(目标“Build”依赖于它):
     1>已完成在项目“Lua53.vcxproj”中生成目标“BuildLink”的操作。
     1>来自项目“E:\Work\VisualStudio2017\Lua\Lua53\Lua53\Lua53.vcxproj”的文件“C:\Program Files (x86)\Microsoft Visual Studio\2017\Enterprise\Common7\IDE\VC\VCTargets\Microsoft.BuildSteps.Targets”中的目标“AfterBuild”(目标“Build”依赖于它):
     1>已完成在项目“Lua53.vcxproj”中生成目标“AfterBuild”的操作。
     1>来自项目“E:\Work\VisualStudio2017\Lua\Lua53\Lua53\Lua53.vcxproj”的文件“C:\Program Files (x86)\Microsoft Visual Studio\2017\Enterprise\Common7\IDE\VC\VCTargets\Microsoft.CppBuild.targets”中的目标“FinalizeBuildStatus”(目标“Build”依赖于它):
       正在使用程序集“Microsoft.Build.Tasks.Core, Version=15.1.0.0, Culture=neutral, PublicKeyToken=b03f5f7f11d50a3a”中的“Delete”任务。
       任务“Delete”
         正在删除文件“x64\Release\Lua53.tlog\unsuccessfulbuild”。
       已完成执行任务“Delete”的操作。
       任务“Touch”
         正在对“x64\Release\Lua53.tlog\Lua53.lastbuildstate”执行 Touch 任务。
       已完成执行任务“Touch”的操作。
     1>已完成在项目“Lua53.vcxproj”中生成目标“FinalizeBuildStatus”的操作。
       已跳过目标“_CheckForInvalidConfigurationAndPlatform”。以前的生成已成功。
       已跳过目标“_CheckForInvalidConfigurationAndPlatform”。以前的生成已成功。
     1>来自项目“E:\Work\VisualStudio2017\Lua\Lua53\Lua53\Lua53.vcxproj”的文件“C:\Program Files (x86)\Microsoft Visual Studio\2017\Enterprise\Common7\IDE\VC\VCTargets\Microsoft.BuildSteps.Targets”中的目标“Build”(入口点):
     1>已完成在项目“Lua53.vcxproj”中生成目标“Build”的操作。
     1>已完成生成项目“E:\Work\VisualStudio2017\Lua\Lua53\Lua53\Lua53.vcxproj”(Build 个目标)的操作。

已成功生成。
    0 个警告
    0 个错误

已用时间 00:00:08.24
