e:\work\visualstudio2017\lua\lua54\lua54\x64\release\lua54.pdb
e:\work\visualstudio2017\lua\lua54\lua54\x64\release\lopcodes.obj
e:\work\visualstudio2017\lua\lua54\lua54\x64\release\lobject.obj
e:\work\visualstudio2017\lua\lua54\lua54\x64\release\loadlib.obj
e:\work\visualstudio2017\lua\lua54\lua54\x64\release\lmem.obj
e:\work\visualstudio2017\lua\lua54\lua54\x64\release\lmathlib.obj
e:\work\visualstudio2017\lua\lua54\lua54\x64\release\llex.obj
e:\work\visualstudio2017\lua\lua54\lua54\x64\release\liolib.obj
e:\work\visualstudio2017\lua\lua54\lua54\x64\release\linit.obj
e:\work\visualstudio2017\lua\lua54\lua54\x64\release\lgc.obj
e:\work\visualstudio2017\lua\lua54\lua54\x64\release\lfunc.obj
e:\work\visualstudio2017\lua\lua54\lua54\x64\release\ldump.obj
e:\work\visualstudio2017\lua\lua54\lua54\x64\release\ldo.obj
e:\work\visualstudio2017\lua\lua54\lua54\x64\release\ldebug.obj
e:\work\visualstudio2017\lua\lua54\lua54\x64\release\ldblib.obj
e:\work\visualstudio2017\lua\lua54\lua54\x64\release\lctype.obj
e:\work\visualstudio2017\lua\lua54\lua54\x64\release\lcorolib.obj
e:\work\visualstudio2017\lua\lua54\lua54\x64\release\lcode.obj
e:\work\visualstudio2017\lua\lua54\lua54\x64\release\lbaselib.obj
e:\work\visualstudio2017\lua\lua54\lua54\x64\release\lauxlib.obj
e:\work\visualstudio2017\lua\lua54\lua54\x64\release\lapi.obj
e:\work\visualstudio2017\lua\lua54\lua54\x64\release\lzio.obj
e:\work\visualstudio2017\lua\lua54\lua54\x64\release\lvm.obj
e:\work\visualstudio2017\lua\lua54\lua54\x64\release\lutf8lib.obj
e:\work\visualstudio2017\lua\lua54\lua54\x64\release\lundump.obj
e:\work\visualstudio2017\lua\lua54\lua54\x64\release\ltm.obj
e:\work\visualstudio2017\lua\lua54\lua54\x64\release\ltablib.obj
e:\work\visualstudio2017\lua\lua54\lua54\x64\release\ltable.obj
e:\work\visualstudio2017\lua\lua54\lua54\x64\release\lstrlib.obj
e:\work\visualstudio2017\lua\lua54\lua54\x64\release\lstring.obj
e:\work\visualstudio2017\lua\lua54\lua54\x64\release\lstate.obj
e:\work\visualstudio2017\lua\lua54\lua54\x64\release\lparser.obj
e:\work\visualstudio2017\lua\lua54\lua54\x64\release\loslib.obj
e:\work\visualstudio2017\lua\lua54\x64\release\lua54.lib
e:\work\visualstudio2017\lua\lua54\lua54\x64\release\vcpkg.applocal.log
e:\work\visualstudio2017\lua\lua54\lua54\x64\release\lua54.res
e:\work\visualstudio2017\lua\lua54\lua54\x64\release\lua54.tlog\cl.command.1.tlog
e:\work\visualstudio2017\lua\lua54\lua54\x64\release\lua54.tlog\cl.read.1.tlog
e:\work\visualstudio2017\lua\lua54\lua54\x64\release\lua54.tlog\cl.write.1.tlog
e:\work\visualstudio2017\lua\lua54\lua54\x64\release\lua54.tlog\lib-link-cvtres.read.1.tlog
e:\work\visualstudio2017\lua\lua54\lua54\x64\release\lua54.tlog\lib-link-cvtres.write.1.tlog
e:\work\visualstudio2017\lua\lua54\lua54\x64\release\lua54.tlog\lib.command.1.tlog
e:\work\visualstudio2017\lua\lua54\lua54\x64\release\lua54.tlog\lua54.write.1u.tlog
e:\work\visualstudio2017\lua\lua54\lua54\x64\release\lua54.tlog\rc.command.1.tlog
e:\work\visualstudio2017\lua\lua54\lua54\x64\release\lua54.tlog\rc.read.1.tlog
e:\work\visualstudio2017\lua\lua54\lua54\x64\release\lua54.tlog\rc.write.1.tlog
